2025-10-14 21:05:26,608 - ScreenshotHandler - INFO - Screenshot saved: C:\Users\yasha\OneDrive\Desktop\EVA_JARVIS\temp_screenshots\screen_20251014_210526_545527.png
2025-10-14 21:05:26,691 - ScreenshotHandler - INFO - Screenshot saved: C:\Users\yasha\OneDrive\Desktop\EVA_JARVIS\temp_screenshots\screen_20251014_210526_630802.png
2025-10-14 21:05:35,677 - ScreenshotHandler - INFO - Screenshot saved: C:\Users\yasha\OneDrive\Desktop\EVA_JARVIS\temp_screenshots\screen_20251014_210535_615045.png
2025-10-14 21:05:35,756 - ScreenshotHandler - INFO - Screenshot saved: C:\Users\yasha\OneDrive\Desktop\EVA_JARVIS\temp_screenshots\screen_20251014_210535_697581.png
2025-10-14 21:05:44,780 - ScreenshotHandler - INFO - Screenshot saved: C:\Users\yasha\OneDrive\Desktop\EVA_JARVIS\temp_screenshots\screen_20251014_210544_716390.png
2025-10-14 21:05:44,862 - ScreenshotHandler - INFO - Screenshot saved: C:\Users\yasha\OneDrive\Desktop\EVA_JARVIS\temp_screenshots\screen_20251014_210544_804288.png
2025-10-14 21:05:53,879 - ScreenshotHandler - INFO - Screenshot saved: C:\Users\yasha\OneDrive\Desktop\EVA_JARVIS\temp_screenshots\screen_20251014_210553_814886.png
2025-10-14 21:05:53,958 - ScreenshotHandler - INFO - Screenshot saved: C:\Users\yasha\OneDrive\Desktop\EVA_JARVIS\temp_screenshots\screen_20251014_210553_901761.png
2025-10-14 21:06:02,996 - ScreenshotHandler - INFO - Screenshot saved: C:\Users\yasha\OneDrive\Desktop\EVA_JARVIS\temp_screenshots\screen_20251014_210602_931768.png
2025-10-14 21:06:03,080 - ScreenshotHandler - INFO - Screenshot saved: C:\Users\yasha\OneDrive\Desktop\EVA_JARVIS\temp_screenshots\screen_20251014_210603_021374.png
2025-10-14 21:06:12,069 - ScreenshotHandler - INFO - Screenshot saved: C:\Users\yasha\OneDrive\Desktop\EVA_JARVIS\temp_screenshots\screen_20251014_210612_013534.png
2025-10-14 21:06:12,153 - ScreenshotHandler - INFO - Screenshot saved: C:\Users\yasha\OneDrive\Desktop\EVA_JARVIS\temp_screenshots\screen_20251014_210612_098750.png
2025-10-14 21:06:21,151 - ScreenshotHandler - INFO - Screenshot saved: C:\Users\yasha\OneDrive\Desktop\EVA_JARVIS\temp_screenshots\screen_20251014_210621_088882.png
2025-10-14 21:06:21,236 - ScreenshotHandler - INFO - Screenshot saved: C:\Users\yasha\OneDrive\Desktop\EVA_JARVIS\temp_screenshots\screen_20251014_210621_180295.png
2025-10-14 21:06:30,239 - ScreenshotHandler - INFO - Screenshot saved: C:\Users\yasha\OneDrive\Desktop\EVA_JARVIS\temp_screenshots\screen_20251014_210630_171759.png
2025-10-14 21:06:30,319 - ScreenshotHandler - INFO - Screenshot saved: C:\Users\yasha\OneDrive\Desktop\EVA_JARVIS\temp_screenshots\screen_20251014_210630_267536.png
2025-10-14 21:06:39,773 - ScreenshotHandler - INFO - Screenshot saved: C:\Users\yasha\OneDrive\Desktop\EVA_JARVIS\temp_screenshots\screen_20251014_210639_707602.png
2025-10-14 21:06:39,859 - ScreenshotHandler - INFO - Screenshot saved: C:\Users\yasha\OneDrive\Desktop\EVA_JARVIS\temp_screenshots\screen_20251014_210639_797463.png
2025-10-14 21:06:49,932 - ScreenshotHandler - INFO - Screenshot saved: C:\Users\yasha\OneDrive\Desktop\EVA_JARVIS\temp_screenshots\screen_20251014_210649_871185.png
2025-10-14 21:06:50,024 - ScreenshotHandler - INFO - Screenshot saved: C:\Users\yasha\OneDrive\Desktop\EVA_JARVIS\temp_screenshots\screen_20251014_210649_970279.png
2025-10-14 21:20:31,201 - ScreenshotHandler - INFO - Screenshot saved: C:\Users\yasha\OneDrive\Desktop\EVA_JARVIS\temp_screenshots\screen_20251014_212031_142308.png
2025-10-14 21:20:41,411 - ScreenshotHandler - INFO - Screenshot saved: C:\Users\yasha\OneDrive\Desktop\EVA_JARVIS\temp_screenshots\screen_20251014_212041_359145.png
2025-10-14 21:20:46,955 - ScreenshotHandler - INFO - Screenshot saved: C:\Users\yasha\OneDrive\Desktop\EVA_JARVIS\temp_screenshots\screen_20251014_212046_894909.png
2025-10-14 21:20:54,342 - ScreenshotHandler - INFO - Screenshot saved: C:\Users\yasha\OneDrive\Desktop\EVA_JARVIS\temp_screenshots\screen_20251014_212054_293166.png
2025-10-14 21:21:02,261 - ScreenshotHandler - INFO - Screenshot saved: C:\Users\yasha\OneDrive\Desktop\EVA_JARVIS\temp_screenshots\screen_20251014_212102_180974.png
2025-10-14 21:21:41,855 - ScreenshotHandler - INFO - Screenshot saved: C:\Users\yasha\OneDrive\Desktop\EVA_JARVIS\temp_screenshots\screen_20251014_212141_796491.png
2025-10-14 21:21:49,390 - ScreenshotHandler - INFO - Screenshot saved: C:\Users\yasha\OneDrive\Desktop\EVA_JARVIS\temp_screenshots\screen_20251014_212149_332673.png
2025-10-14 21:21:59,085 - ScreenshotHandler - INFO - Screenshot saved: C:\Users\yasha\OneDrive\Desktop\EVA_JARVIS\temp_screenshots\screen_20251014_212159_013407.png
2025-10-14 21:22:06,426 - ScreenshotHandler - INFO - Screenshot saved: C:\Users\yasha\OneDrive\Desktop\EVA_JARVIS\temp_screenshots\screen_20251014_212206_367193.png
2025-10-14 21:22:14,955 - ScreenshotHandler - INFO - Screenshot saved: C:\Users\yasha\OneDrive\Desktop\EVA_JARVIS\temp_screenshots\screen_20251014_212214_900843.png
2025-10-14 21:22:32,352 - ScreenshotHandler - INFO - Screenshot saved: C:\Users\yasha\OneDrive\Desktop\EVA_JARVIS\temp_screenshots\screen_20251014_212232_260882.png
2025-10-14 21:22:39,320 - ScreenshotHandler - INFO - Screenshot saved: C:\Users\yasha\OneDrive\Desktop\EVA_JARVIS\temp_screenshots\screen_20251014_212239_234871.png
2025-10-14 21:22:58,310 - ScreenshotHandler - INFO - Screenshot saved: C:\Users\yasha\OneDrive\Desktop\EVA_JARVIS\temp_screenshots\screen_20251014_212258_238628.png
2025-10-14 21:23:07,092 - ScreenshotHandler - INFO - Screenshot saved: C:\Users\yasha\OneDrive\Desktop\EVA_JARVIS\temp_screenshots\screen_20251014_212307_035343.png
2025-10-14 21:23:13,241 - ScreenshotHandler - INFO - Screenshot saved: C:\Users\yasha\OneDrive\Desktop\EVA_JARVIS\temp_screenshots\screen_20251014_212313_180541.png
2025-10-14 21:23:21,218 - ScreenshotHandler - INFO - Screenshot saved: C:\Users\yasha\OneDrive\Desktop\EVA_JARVIS\temp_screenshots\screen_20251014_212321_164230.png
2025-10-14 21:23:29,053 - ScreenshotHandler - INFO - Screenshot saved: C:\Users\yasha\OneDrive\Desktop\EVA_JARVIS\temp_screenshots\screen_20251014_212328_989181.png
2025-10-15 10:48:24,932 - ScreenshotHandler - INFO - Screenshot saved: C:\Users\yasha\OneDrive\Desktop\EVA_JARVIS\temp_screenshots\screen_20251015_104824_714935.png
2025-10-15 10:48:34,977 - ScreenshotHandler - INFO - Screenshot saved: C:\Users\yasha\OneDrive\Desktop\EVA_JARVIS\temp_screenshots\screen_20251015_104834_740582.png
2025-10-15 10:48:43,725 - ScreenshotHandler - INFO - Screenshot saved: C:\Users\yasha\OneDrive\Desktop\EVA_JARVIS\temp_screenshots\screen_20251015_104843_486935.png
2025-10-15 10:48:52,270 - ScreenshotHandler - INFO - Screenshot saved: C:\Users\yasha\OneDrive\Desktop\EVA_JARVIS\temp_screenshots\screen_20251015_104852_027889.png
2025-10-15 10:49:01,057 - ScreenshotHandler - INFO - Screenshot saved: C:\Users\yasha\OneDrive\Desktop\EVA_JARVIS\temp_screenshots\screen_20251015_104900_719374.png
2025-10-15 12:29:39,511 - ScreenshotHandler - INFO - Screenshot saved: C:\Users\yasha\OneDrive\Desktop\EVA_JARVIS\temp_screenshots\screen_20251015_122939_386812.png
2025-10-15 12:30:10,976 - ScreenshotHandler - INFO - Screenshot saved: C:\Users\yasha\OneDrive\Desktop\EVA_JARVIS\temp_screenshots\screen_20251015_123010_863103.png
2025-10-15 12:30:30,336 - ScreenshotHandler - INFO - Screenshot saved: C:\Users\yasha\OneDrive\Desktop\EVA_JARVIS\temp_screenshots\screen_20251015_123030_106212.png
2025-10-15 12:30:59,134 - ScreenshotHandler - INFO - Screenshot saved: C:\Users\yasha\OneDrive\Desktop\EVA_JARVIS\temp_screenshots\screen_20251015_123058_885431.png
2025-10-15 12:31:16,036 - ScreenshotHandler - INFO - Screenshot saved: C:\Users\yasha\OneDrive\Desktop\EVA_JARVIS\temp_screenshots\screen_20251015_123115_827406.png
2025-10-15 12:31:34,960 - ScreenshotHandler - INFO - Screenshot saved: C:\Users\yasha\OneDrive\Desktop\EVA_JARVIS\temp_screenshots\screen_20251015_123134_710087.png
2025-10-15 12:31:49,071 - ScreenshotHandler - INFO - Screenshot saved: C:\Users\yasha\OneDrive\Desktop\EVA_JARVIS\temp_screenshots\screen_20251015_123148_947638.png
2025-10-15 12:33:06,794 - ScreenshotHandler - INFO - Screenshot saved: C:\Users\yasha\OneDrive\Desktop\EVA_JARVIS\temp_screenshots\screen_20251015_123306_624833.png
2025-10-15 12:33:33,070 - ScreenshotHandler - INFO - Screenshot saved: C:\Users\yasha\OneDrive\Desktop\EVA_JARVIS\temp_screenshots\screen_20251015_123332_890002.png
2025-10-15 12:34:21,829 - ScreenshotHandler - INFO - Screenshot saved: C:\Users\yasha\OneDrive\Desktop\EVA_JARVIS\temp_screenshots\screen_20251015_123421_716552.png
2025-10-15 12:34:58,724 - ScreenshotHandler - INFO - Screenshot saved: C:\Users\yasha\OneDrive\Desktop\EVA_JARVIS\temp_screenshots\screen_20251015_123458_589389.png
2025-10-15 15:38:18,693 - ScreenshotHandler - INFO - Screenshot saved: C:\Users\yasha\OneDrive\Desktop\EVA_JARVIS\temp_screenshots\screen_20251015_153818_193513.png
2025-10-15 16:15:40,553 - ScreenshotHandler - INFO - Screenshot saved: C:\Users\yasha\OneDrive\Desktop\EVA_JARVIS\temp_screenshots\screen_20251015_161540_318632.png
2025-10-15 16:17:33,077 - ScreenshotHandler - INFO - Screenshot saved: C:\Users\yasha\OneDrive\Desktop\EVA_JARVIS\temp_screenshots\screen_20251015_161732_840419.png
2025-10-15 16:18:21,366 - ScreenshotHandler - INFO - Screenshot saved: C:\Users\yasha\OneDrive\Desktop\EVA_JARVIS\temp_screenshots\screen_20251015_161821_146281.png
2025-10-15 16:19:28,487 - ScreenshotHandler - INFO - Screenshot saved: C:\Users\yasha\OneDrive\Desktop\EVA_JARVIS\temp_screenshots\screen_20251015_161928_247792.png
2025-10-15 16:20:11,787 - ScreenshotHandler - INFO - Screenshot saved: C:\Users\yasha\OneDrive\Desktop\EVA_JARVIS\temp_screenshots\screen_20251015_162011_559904.png
2025-10-21 01:07:29,008 - ScreenshotHandler - INFO - Screenshot saved: D:\Capstone\EVA_CODE_CRUSADERS-main\temp_screenshots\screen_20251021_010728_958676.png
2025-10-21 01:07:51,229 - ScreenshotHandler - INFO - Screenshot saved: D:\Capstone\EVA_CODE_CRUSADERS-main\temp_screenshots\screen_20251021_010751_178962.png
2025-10-27 17:58:07,141 - ScreenshotHandler - INFO - Screenshot saved: C:\Users\yasha\OneDrive\Desktop\EVA-main\temp_screenshots\screen_20251027_175807_077750.png
2025-10-27 17:58:44,884 - ScreenshotHandler - INFO - Screenshot saved: C:\Users\yasha\OneDrive\Desktop\EVA-main\temp_screenshots\screen_20251027_175844_823084.png
2025-10-27 17:59:35,892 - ScreenshotHandler - INFO - Screenshot saved: C:\Users\yasha\OneDrive\Desktop\EVA-main\temp_screenshots\screen_20251027_175935_845131.png
2025-10-27 17:59:55,749 - ScreenshotHandler - INFO - Screenshot saved: C:\Users\yasha\OneDrive\Desktop\EVA-main\temp_screenshots\screen_20251027_175955_694960.png
2025-10-27 18:00:41,663 - ScreenshotHandler - INFO - Screenshot saved: C:\Users\yasha\OneDrive\Desktop\EVA-main\temp_screenshots\screen_20251027_180041_608515.png
2025-10-27 18:01:31,246 - ScreenshotHandler - INFO - Screenshot saved: C:\Users\yasha\OneDrive\Desktop\EVA-main\temp_screenshots\screen_20251027_180131_150386.png
2025-10-27 18:02:27,551 - ScreenshotHandler - INFO - Screenshot saved: C:\Users\yasha\OneDrive\Desktop\EVA-main\temp_screenshots\screen_20251027_180227_486499.png
2025-10-30 17:24:31,162 - ScreenshotHandler - INFO - Screenshot saved: C:\Users\yasha\OneDrive\Desktop\EVA-main\temp_screenshots\screen_20251030_172431_032743.png
2025-10-30 17:28:19,154 - ScreenshotHandler - INFO - Screenshot saved: C:\Users\yasha\OneDrive\Desktop\EVA-main\temp_screenshots\screen_20251030_172819_060268.png
2025-10-30 17:28:41,515 - ScreenshotHandler - INFO - Screenshot saved: C:\Users\yasha\OneDrive\Desktop\EVA-main\temp_screenshots\screen_20251030_172841_460771.png
2025-10-31 20:24:44,700 - ScreenshotHandler - INFO - Screenshot saved: C:\Users\yasha\OneDrive\Desktop\EVA-main\temp_screenshots\screen_20251031_202444_639438.png
2025-10-31 20:24:44,985 - ScreenshotHandler - INFO - Screenshot saved: C:\Users\yasha\OneDrive\Desktop\EVA-main\temp_screenshots\screen_20251031_202444_926848.png
2025-10-31 21:44:10,346 - ScreenshotHandler - INFO - Screenshot saved: C:\Users\yasha\OneDrive\Desktop\EVA-main\temp_screenshots\screen_20251031_214410_267315.png
2025-10-31 21:44:10,635 - ScreenshotHandler - INFO - Screenshot saved: C:\Users\yasha\OneDrive\Desktop\EVA-main\temp_screenshots\screen_20251031_214410_573926.png
2025-10-31 21:48:21,111 - ScreenshotHandler - INFO - Screenshot saved: C:\Users\yasha\OneDrive\Desktop\EVA-main\temp_screenshots\screen_20251031_214821_047403.png
2025-10-31 21:48:21,392 - ScreenshotHandler - INFO - Screenshot saved: C:\Users\yasha\OneDrive\Desktop\EVA-main\temp_screenshots\screen_20251031_214821_338794.png
2025-10-31 21:55:14,067 - ScreenshotHandler - INFO - Screenshot saved: C:\Users\yasha\OneDrive\Desktop\EVA-main\temp_screenshots\screen_20251031_215513_993329.png
2025-10-31 21:55:14,351 - ScreenshotHandler - INFO - Screenshot saved: C:\Users\yasha\OneDrive\Desktop\EVA-main\temp_screenshots\screen_20251031_215514_296089.png
2025-10-31 21:58:51,197 - ScreenshotHandler - INFO - Screenshot saved: C:\Users\yasha\OneDrive\Desktop\EVA-main\temp_screenshots\screen_20251031_215851_136673.png
2025-10-31 21:58:51,483 - ScreenshotHandler - INFO - Screenshot saved: C:\Users\yasha\OneDrive\Desktop\EVA-main\temp_screenshots\screen_20251031_215851_421837.png
2025-10-31 21:59:10,922 - ScreenshotHandler - INFO - Screenshot saved: C:\Users\yasha\OneDrive\Desktop\EVA-main\temp_screenshots\screen_20251031_215910_865442.png
2025-10-31 22:17:53,851 - ScreenshotHandler - INFO - Screenshot saved: C:\Users\yasha\OneDrive\Desktop\EVA-main\temp_screenshots\screen_20251031_221753_789968.png
2025-10-31 22:17:54,140 - ScreenshotHandler - INFO - Screenshot saved: C:\Users\yasha\OneDrive\Desktop\EVA-main\temp_screenshots\screen_20251031_221754_080248.png
2025-10-31 22:18:12,744 - ScreenshotHandler - INFO - Screenshot saved: C:\Users\yasha\OneDrive\Desktop\EVA-main\temp_screenshots\screen_20251031_221812_664729.png
2025-10-31 22:19:20,168 - ScreenshotHandler - INFO - Screenshot saved: C:\Users\yasha\OneDrive\Desktop\EVA-main\temp_screenshots\screen_20251031_221920_101391.png
2025-10-31 22:19:20,440 - ScreenshotHandler - INFO - Screenshot saved: C:\Users\yasha\OneDrive\Desktop\EVA-main\temp_screenshots\screen_20251031_221920_390222.png
2025-10-31 22:19:40,072 - ScreenshotHandler - INFO - Screenshot saved: C:\Users\yasha\OneDrive\Desktop\EVA-main\temp_screenshots\screen_20251031_221940_008539.png
2025-10-31 22:19:40,355 - ScreenshotHandler - INFO - Screenshot saved: C:\Users\yasha\OneDrive\Desktop\EVA-main\temp_screenshots\screen_20251031_221940_299414.png
2025-10-31 22:20:01,368 - ScreenshotHandler - INFO - Screenshot saved: C:\Users\yasha\OneDrive\Desktop\EVA-main\temp_screenshots\screen_20251031_222001_303789.png
2025-10-31 22:20:01,660 - ScreenshotHandler - INFO - Screenshot saved: C:\Users\yasha\OneDrive\Desktop\EVA-main\temp_screenshots\screen_20251031_222001_601649.png
2025-10-31 22:41:40,365 - ScreenshotHandler - INFO - Screenshot saved: C:\Users\yasha\OneDrive\Desktop\EVA-main\temp_screenshots\screen_20251031_224140_302168.png
2025-10-31 22:41:50,264 - ScreenshotHandler - INFO - Screenshot saved: C:\Users\yasha\OneDrive\Desktop\EVA-main\temp_screenshots\screen_20251031_224150_195946.png
2025-10-31 22:41:50,583 - ScreenshotHandler - INFO - Screenshot saved: C:\Users\yasha\OneDrive\Desktop\EVA-main\temp_screenshots\screen_20251031_224150_529795.png
2025-10-31 22:42:04,358 - ScreenshotHandler - INFO - Screenshot saved: C:\Users\yasha\OneDrive\Desktop\EVA-main\temp_screenshots\screen_20251031_224204_285907.png
2025-10-31 22:43:10,303 - ScreenshotHandler - INFO - Screenshot saved: C:\Users\yasha\OneDrive\Desktop\EVA-main\temp_screenshots\screen_20251031_224310_194262.png
2025-10-31 22:43:20,103 - ScreenshotHandler - INFO - Screenshot saved: C:\Users\yasha\OneDrive\Desktop\EVA-main\temp_screenshots\screen_20251031_224320_008071.png
2025-10-31 22:43:20,423 - ScreenshotHandler - INFO - Screenshot saved: C:\Users\yasha\OneDrive\Desktop\EVA-main\temp_screenshots\screen_20251031_224320_327131.png
2025-10-31 22:43:34,602 - ScreenshotHandler - INFO - Screenshot saved: C:\Users\yasha\OneDrive\Desktop\EVA-main\temp_screenshots\screen_20251031_224334_509890.png
2025-10-31 22:53:24,965 - ScreenshotHandler - INFO - Screenshot saved: C:\Users\yasha\OneDrive\Desktop\EVA-main\temp_screenshots\screen_20251031_225324_902292.png
2025-10-31 22:53:36,458 - ScreenshotHandler - INFO - Screenshot saved: C:\Users\yasha\OneDrive\Desktop\EVA-main\temp_screenshots\screen_20251031_225336_339975.png
2025-10-31 22:53:36,791 - ScreenshotHandler - INFO - Screenshot saved: C:\Users\yasha\OneDrive\Desktop\EVA-main\temp_screenshots\screen_20251031_225336_674834.png
2025-10-31 22:53:50,866 - ScreenshotHandler - INFO - Screenshot saved: C:\Users\yasha\OneDrive\Desktop\EVA-main\temp_screenshots\screen_20251031_225350_754253.png
2025-10-31 22:54:51,444 - ScreenshotHandler - INFO - Screenshot saved: C:\Users\yasha\OneDrive\Desktop\EVA-main\temp_screenshots\screen_20251031_225451_356262.png
2025-11-01 11:31:17,944 - ScreenshotHandler - INFO - Screenshot saved: C:\Users\yasha\OneDrive\Desktop\EVA-main\temp_screenshots\screen_20251101_113117_872567.png
2025-11-01 11:31:18,474 - ScreenshotHandler - INFO - Screenshot saved: C:\Users\yasha\OneDrive\Desktop\EVA-main\temp_screenshots\screen_20251101_113118_392783.png
2025-11-01 12:02:09,055 - ScreenshotHandler - INFO - Screenshot saved: C:\Users\yasha\OneDrive\Desktop\EVA-main\temp_screenshots\screen_20251101_120208_895122.png
2025-11-01 12:02:35,063 - ScreenshotHandler - INFO - Screenshot saved: C:\Users\yasha\OneDrive\Desktop\EVA-main\temp_screenshots\screen_20251101_120234_919528.png
2025-11-01 12:02:35,819 - ScreenshotHandler - INFO - Screenshot saved: C:\Users\yasha\OneDrive\Desktop\EVA-main\temp_screenshots\screen_20251101_120235_667368.png
2025-11-01 12:03:02,691 - ScreenshotHandler - INFO - Screenshot saved: C:\Users\yasha\OneDrive\Desktop\EVA-main\temp_screenshots\screen_20251101_120302_505957.png
2025-11-01 12:03:03,480 - ScreenshotHandler - INFO - Screenshot saved: C:\Users\yasha\OneDrive\Desktop\EVA-main\temp_screenshots\screen_20251101_120303_315552.png
2025-11-01 12:09:47,298 - ScreenshotHandler - INFO - Screenshot saved: C:\Users\yasha\OneDrive\Desktop\EVA-main\temp_screenshots\screen_20251101_120947_158867.png
2025-11-01 12:09:48,045 - ScreenshotHandler - INFO - Screenshot saved: C:\Users\yasha\OneDrive\Desktop\EVA-main\temp_screenshots\screen_20251101_120947_857786.png
2025-11-01 12:10:13,040 - ScreenshotHandler - INFO - Screenshot saved: C:\Users\yasha\OneDrive\Desktop\EVA-main\temp_screenshots\screen_20251101_121012_895529.png
2025-11-01 12:10:13,805 - ScreenshotHandler - INFO - Screenshot saved: C:\Users\yasha\OneDrive\Desktop\EVA-main\temp_screenshots\screen_20251101_121013_632849.png
2025-11-01 12:10:38,618 - ScreenshotHandler - INFO - Screenshot saved: C:\Users\yasha\OneDrive\Desktop\EVA-main\temp_screenshots\screen_20251101_121038_470378.png
2025-11-01 12:10:39,396 - ScreenshotHandler - INFO - Screenshot saved: C:\Users\yasha\OneDrive\Desktop\EVA-main\temp_screenshots\screen_20251101_121039_225667.png
2025-11-01 12:12:23,541 - ScreenshotHandler - INFO - Screenshot saved: C:\Users\yasha\OneDrive\Desktop\EVA-main\temp_screenshots\screen_20251101_121223_412341.png
2025-11-01 12:12:24,175 - ScreenshotHandler - INFO - Screenshot saved: C:\Users\yasha\OneDrive\Desktop\EVA-main\temp_screenshots\screen_20251101_121224_051888.png
2025-11-01 12:12:48,822 - ScreenshotHandler - INFO - Screenshot saved: C:\Users\yasha\OneDrive\Desktop\EVA-main\temp_screenshots\screen_20251101_121248_692458.png
2025-11-01 12:12:49,509 - ScreenshotHandler - INFO - Screenshot saved: C:\Users\yasha\OneDrive\Desktop\EVA-main\temp_screenshots\screen_20251101_121249_367318.png
2025-11-01 12:42:53,488 - ScreenshotHandler - INFO - Screenshot saved: E:\EVA-main\temp_screenshots\screen_20251101_124253_464841.png
2025-11-01 12:43:19,994 - ScreenshotHandler - INFO - Screenshot saved: E:\EVA-main\temp_screenshots\screen_20251101_124319_954762.png
2025-11-01 12:46:12,618 - ScreenshotHandler - INFO - Screenshot saved: E:\EVA-main\temp_screenshots\screen_20251101_124612_594055.png
2025-11-01 13:18:26,612 - ScreenshotHandler - INFO - Screenshot saved: E:\EVA-main\temp_screenshots\screen_20251101_131826_587371.png
2025-11-01 13:24:10,602 - ScreenshotHandler - INFO - Screenshot saved: E:\EVA-main\temp_screenshots\screen_20251101_132410_579338.png
2025-11-01 13:34:08,081 - ScreenshotHandler - INFO - Screenshot saved: E:\EVA-main\temp_screenshots\screen_20251101_133408_023532.png
2025-11-01 13:40:57,150 - ScreenshotHandler - INFO - Screenshot saved: E:\EVA-main\temp_screenshots\screen_20251101_134057_127733.png
2025-11-01 17:59:18,893 - ScreenshotHandler - ERROR - Screenshot capture error: '_thread._local' object has no attribute 'srcdc'


NEW2025-11-02 14:19:56,818 - ScreenshotHandler - INFO - Screenshot saved: E:\EVA-main\temp_screenshots\screen_20251102_141956_606178.png
2025-11-02 15:59:40,486 - ScreenshotHandler - INFO - Screenshot saved: E:\EVA-main\temp_screenshots\screen_20251102_155940_339389.png
2025-11-02 16:00:14,877 - ScreenshotHandler - INFO - Screenshot saved: E:\EVA-main\temp_screenshots\screen_20251102_160014_753272.png
2025-11-02 16:01:45,293 - ScreenshotHandler - INFO - Screenshot saved: E:\EVA-main\temp_screenshots\screen_20251102_160145_208037.png
2025-11-02 16:02:19,227 - ScreenshotHandler - INFO - Screenshot saved: E:\EVA-main\temp_screenshots\screen_20251102_160218_931395.png
2025-11-02 16:08:39,103 - ScreenshotHandler - INFO - Screenshot saved: E:\EVA-main\temp_screenshots\screen_20251102_160838_916094.png
2025-11-02 16:11:28,031 - ScreenshotHandler - INFO - Screenshot saved: E:\EVA-main\temp_screenshots\screen_20251102_161127_879828.png
2025-11-02 16:12:30,510 - ScreenshotHandler - INFO - Screenshot saved: E:\EVA-main\temp_screenshots\screen_20251102_161230_338315.png
2025-11-02 16:12:50,030 - ScreenshotHandler - INFO - Screenshot saved: E:\EVA-main\temp_screenshots\screen_20251102_161249_844907.png
2025-11-02 16:13:49,157 - ScreenshotHandler - INFO - Screenshot saved: E:\EVA-main\temp_screenshots\screen_20251102_161348_790349.png
2025-11-02 16:13:52,088 - ScreenshotHandler - INFO - Screenshot saved: E:\EVA-main\temp_screenshots\screen_20251102_161351_841527.png
2025-11-03 16:11:37,351 - ScreenshotHandler - INFO - Screenshot saved: E:\EVA-main\temp_screenshots\screen_20251103_161137_192352.png
2025-11-03 16:12:08,438 - ScreenshotHandler - INFO - Screenshot saved: E:\EVA-main\temp_screenshots\screen_20251103_161208_288137.png
2025-11-03 16:12:53,739 - ScreenshotHandler - INFO - Screenshot saved: E:\EVA-main\temp_screenshots\screen_20251103_161253_603205.png
2025-11-03 16:13:35,754 - ScreenshotHandler - INFO - Screenshot saved: E:\EVA-main\temp_screenshots\screen_20251103_161335_438576.png
2025-11-03 16:13:50,787 - ScreenshotHandler - INFO - Screenshot saved: E:\EVA-main\temp_screenshots\screen_20251103_161350_428180.png
2025-11-03 16:14:48,940 - ScreenshotHandler - INFO - Screenshot saved: E:\EVA-main\temp_screenshots\screen_20251103_161448_849254.png
2025-11-03 16:14:52,064 - ScreenshotHandler - INFO - Screenshot saved: E:\EVA-main\temp_screenshots\screen_20251103_161451_931722.png
2025-11-03 16:15:38,201 - ScreenshotHandler - INFO - Screenshot saved: E:\EVA-main\temp_screenshots\screen_20251103_161538_100766.png
2025-11-03 16:27:02,863 - ScreenshotHandler - INFO - Screenshot saved: E:\EVA-main\temp_screenshots\screen_20251103_162702_783485.png
2025-11-03 16:27:35,197 - ScreenshotHandler - INFO - Screenshot saved: E:\EVA-main\temp_screenshots\screen_20251103_162735_114780.png
2025-11-03 16:27:48,174 - ScreenshotHandler - INFO - Screenshot saved: E:\EVA-main\temp_screenshots\screen_20251103_162747_986512.png
2025-11-03 16:27:58,760 - ScreenshotHandler - INFO - Screenshot saved: E:\EVA-main\temp_screenshots\screen_20251103_162758_586912.png
2025-11-03 16:28:01,909 - ScreenshotHandler - INFO - Screenshot saved: E:\EVA-main\temp_screenshots\screen_20251103_162801_701824.png
2025-11-03 16:29:38,698 - ScreenshotHandler - INFO - Screenshot saved: E:\EVA-main\temp_screenshots\screen_20251103_162938_584327.png
2025-11-03 16:29:47,497 - ScreenshotHandler - INFO - Screenshot saved: E:\EVA-main\temp_screenshots\screen_20251103_162947_328180.png
2025-11-03 16:29:50,591 - ScreenshotHandler - INFO - Screenshot saved: E:\EVA-main\temp_screenshots\screen_20251103_162950_379904.png
2025-11-03 16:45:21,817 - ScreenshotHandler - INFO - Screenshot saved: E:\EVA-main\temp_screenshots\screen_20251103_164521_688870.png
2025-11-03 16:47:13,777 - ScreenshotHandler - INFO - Screenshot saved: E:\EVA-main\temp_screenshots\screen_20251103_164713_678540.png
2025-11-03 17:15:32,811 - ScreenshotHandler - INFO - Screenshot saved: E:\EVA-main\temp_screenshots\screen_20251103_171532_698641.png
2025-11-03 17:15:41,131 - ScreenshotHandler - INFO - Screenshot saved: E:\EVA-main\temp_screenshots\screen_20251103_171540_945737.png
2025-11-03 17:16:00,204 - ScreenshotHandler - INFO - Screenshot saved: E:\EVA-main\temp_screenshots\screen_20251103_171600_040592.png
2025-11-03 17:17:36,456 - ScreenshotHandler - INFO - Screenshot saved: E:\EVA-main\temp_screenshots\screen_20251103_171736_359065.png
2025-11-03 17:20:28,876 - ScreenshotHandler - INFO - Screenshot saved: E:\EVA-main\temp_screenshots\screen_20251103_172028_798533.png
2025-11-03 17:41:23,131 - ScreenshotHandler - INFO - Screenshot saved: E:\EVA-main\temp_screenshots\screen_20251103_174123_039432.png
2025-11-03 17:47:08,553 - ScreenshotHandler - INFO - Screenshot saved: E:\EVA-main\temp_screenshots\screen_20251103_174708_362730.png
2025-11-03 17:47:51,475 - ScreenshotHandler - INFO - Screenshot saved: E:\EVA-main\temp_screenshots\screen_20251103_174751_270426.png
2025-11-03 20:20:50,022 - ScreenshotHandler - INFO - Screenshot saved: E:\EVA-main\temp_screenshots\screen_20251103_202049_915491.png
2025-11-03 20:36:01,364 - ScreenshotHandler - INFO - Screenshot saved: E:\EVA-main\temp_screenshots\screen_20251103_203601_281434.png
2025-11-03 20:36:57,458 - ScreenshotHandler - INFO - Screenshot saved: E:\EVA-main\temp_screenshots\screen_20251103_203657_338588.png
2025-11-03 20:37:54,237 - ScreenshotHandler - INFO - Screenshot saved: E:\EVA-main\temp_screenshots\screen_20251103_203754_165232.png
2025-11-03 20:38:33,327 - ScreenshotHandler - INFO - Screenshot saved: E:\EVA-main\temp_screenshots\screen_20251103_203833_137388.png
2025-11-03 20:44:15,403 - ScreenshotHandler - INFO - Screenshot saved: E:\EVA-main\temp_screenshots\screen_20251103_204415_300057.png
2025-11-03 20:45:31,345 - ScreenshotHandler - INFO - Screenshot saved: E:\EVA-main\temp_screenshots\screen_20251103_204531_236627.png
2025-11-03 20:45:39,080 - ScreenshotHandler - INFO - Screenshot saved: E:\EVA-main\temp_screenshots\screen_20251103_204538_732629.png
2025-11-03 20:46:13,450 - ScreenshotHandler - INFO - Screenshot saved: E:\EVA-main\temp_screenshots\screen_20251103_204613_305149.png
2025-11-03 20:46:16,560 - ScreenshotHandler - INFO - Screenshot saved: E:\EVA-main\temp_screenshots\screen_20251103_204616_441701.png
2025-11-03 20:46:19,374 - ScreenshotHandler - INFO - Screenshot saved: E:\EVA-main\temp_screenshots\screen_20251103_204619_178982.png
2025-11-03 20:46:19,543 - ScreenshotHandler - INFO - Screenshot saved: E:\EVA-main\temp_screenshots\screen_20251103_204619_308093.png
2025-11-03 20:46:20,572 - ScreenshotHandler - INFO - Screenshot saved: E:\EVA-main\temp_screenshots\screen_20251103_204620_394893.png
2025-11-03 20:46:20,684 - ScreenshotHandler - INFO - Screenshot saved: E:\EVA-main\temp_screenshots\screen_20251103_204620_517281.png
2025-11-03 21:07:25,675 - ScreenshotHandler - INFO - Screenshot saved: E:\EVA-main\temp_screenshots\screen_20251103_210725_589139.png
2025-11-03 21:07:50,866 - ScreenshotHandler - INFO - Screenshot saved: E:\EVA-main\temp_screenshots\screen_20251103_210750_798766.png
2025-11-03 21:07:55,369 - ScreenshotHandler - INFO - Screenshot saved: E:\EVA-main\temp_screenshots\screen_20251103_210755_206481.png
2025-11-03 21:08:20,005 - ScreenshotHandler - INFO - Screenshot saved: E:\EVA-main\temp_screenshots\screen_20251103_210819_881984.png
2025-11-03 21:08:20,977 - ScreenshotHandler - INFO - Screenshot saved: E:\EVA-main\temp_screenshots\screen_20251103_210820_833029.png
2025-11-03 21:08:21,897 - ScreenshotHandler - INFO - Screenshot saved: E:\EVA-main\temp_screenshots\screen_20251103_210821_770818.png
2025-11-03 21:08:22,859 - ScreenshotHandler - INFO - Screenshot saved: E:\EVA-main\temp_screenshots\screen_20251103_210822_688159.png
2025-11-03 21:08:23,927 - ScreenshotHandler - INFO - Screenshot saved: E:\EVA-main\temp_screenshots\screen_20251103_210823_763550.png
2025-11-03 21:09:55,999 - ScreenshotHandler - INFO - Screenshot saved: E:\EVA-main\temp_screenshots\screen_20251103_210955_827672.png
2025-11-03 21:10:30,351 - ScreenshotHandler - INFO - Screenshot saved: E:\EVA-main\temp_screenshots\screen_20251103_211030_165031.png
2025-11-04 11:38:38,997 - ScreenshotHandler - INFO - Screenshot saved: E:\EVA-main\temp_screenshots\screen_20251104_113838_852877.png
2025-11-04 11:39:14,948 - ScreenshotHandler - INFO - Screenshot saved: E:\EVA-main\temp_screenshots\screen_20251104_113914_868123.png
2025-11-04 11:39:20,465 - ScreenshotHandler - INFO - Screenshot saved: E:\EVA-main\temp_screenshots\screen_20251104_113920_295184.png
2025-11-04 11:39:23,865 - ScreenshotHandler - INFO - Screenshot saved: E:\EVA-main\temp_screenshots\screen_20251104_113923_687063.png
2025-11-04 11:42:48,856 - ScreenshotHandler - INFO - Screenshot saved: E:\EVA-main\temp_screenshots\screen_20251104_114248_716831.png
2025-11-04 11:43:19,704 - ScreenshotHandler - INFO - Screenshot saved: E:\EVA-main\temp_screenshots\screen_20251104_114319_625226.png
2025-11-04 11:49:21,808 - ScreenshotHandler - INFO - Screenshot saved: E:\EVA-main\temp_screenshots\screen_20251104_114921_713177.png
2025-11-04 11:50:04,749 - ScreenshotHandler - INFO - Screenshot saved: E:\EVA-main\temp_screenshots\screen_20251104_115004_680009.png
2025-11-04 12:04:27,658 - ScreenshotHandler - INFO - Screenshot saved: E:\EVA-main\temp_screenshots\screen_20251104_120427_574671.png
2025-11-04 12:04:28,745 - ScreenshotHandler - INFO - Screenshot saved: E:\EVA-main\temp_screenshots\screen_20251104_120428_614465.png
2025-11-04 12:05:00,871 - ScreenshotHandler - INFO - Screenshot saved: E:\EVA-main\temp_screenshots\screen_20251104_120500_778397.png
2025-11-04 14:46:31,647 - ScreenshotHandler - INFO - Screenshot saved: E:\EVA-main\temp_screenshots\screen_20251104_144631_500745.png
2025-11-04 14:46:47,242 - ScreenshotHandler - INFO - Screenshot saved: E:\EVA-main\temp_screenshots\screen_20251104_144647_134272.png
2025-11-04 14:46:48,472 - ScreenshotHandler - INFO - Screenshot saved: E:\EVA-main\temp_screenshots\screen_20251104_144648_199745.png
2025-11-04 14:46:48,868 - ScreenshotHandler - INFO - Screenshot saved: E:\EVA-main\temp_screenshots\screen_20251104_144648_621233.png
2025-11-04 14:46:49,030 - ScreenshotHandler - INFO - Screenshot saved: E:\EVA-main\temp_screenshots\screen_20251104_144648_874381.png
2025-11-04 14:46:49,408 - ScreenshotHandler - INFO - Screenshot saved: E:\EVA-main\temp_screenshots\screen_20251104_144649_273410.png
2025-11-04 14:46:49,843 - ScreenshotHandler - INFO - Screenshot saved: E:\EVA-main\temp_screenshots\screen_20251104_144649_697539.png
2025-11-04 14:46:50,090 - ScreenshotHandler - INFO - Screenshot saved: E:\EVA-main\temp_screenshots\screen_20251104_144649_879817.png
2025-11-04 14:46:50,636 - ScreenshotHandler - INFO - Screenshot saved: E:\EVA-main\temp_screenshots\screen_20251104_144650_453468.png
2025-11-04 14:46:50,934 - ScreenshotHandler - INFO - Screenshot saved: E:\EVA-main\temp_screenshots\screen_20251104_144650_805502.png
2025-11-04 14:46:51,937 - ScreenshotHandler - INFO - Screenshot saved: E:\EVA-main\temp_screenshots\screen_20251104_144651_741681.png
2025-11-04 14:46:53,005 - ScreenshotHandler - INFO - Screenshot saved: E:\EVA-main\temp_screenshots\screen_20251104_144652_793503.png
2025-11-04 14:54:23,990 - ScreenshotHandler - INFO - Screenshot saved: E:\EVA-main\temp_screenshots\screen_20251104_145423_828955.png
2025-11-04 14:54:55,671 - ScreenshotHandler - INFO - Screenshot saved: E:\EVA-main\temp_screenshots\screen_20251104_145455_578578.png
2025-11-04 14:59:49,472 - ScreenshotHandler - INFO - Screenshot saved: E:\EVA-main\temp_screenshots\screen_20251104_145949_330375.png
2025-11-04 15:00:23,305 - ScreenshotHandler - INFO - Screenshot saved: E:\EVA-main\temp_screenshots\screen_20251104_150023_218535.png
2025-11-04 15:00:50,972 - ScreenshotHandler - INFO - Screenshot saved: E:\EVA-main\temp_screenshots\screen_20251104_150050_758550.png
2025-11-04 15:01:22,281 - ScreenshotHandler - INFO - Screenshot saved: E:\EVA-main\temp_screenshots\screen_20251104_150122_185314.png
2025-11-04 15:02:16,105 - ScreenshotHandler - INFO - Screenshot saved: E:\EVA-main\temp_screenshots\screen_20251104_150216_019262.png
2025-11-04 15:02:43,436 - ScreenshotHandler - INFO - Screenshot saved: E:\EVA-main\temp_screenshots\screen_20251104_150243_366006.png
2025-11-04 15:02:44,482 - ScreenshotHandler - INFO - Screenshot saved: E:\EVA-main\temp_screenshots\screen_20251104_150244_409845.png
2025-11-04 15:02:44,677 - ScreenshotHandler - INFO - Screenshot saved: E:\EVA-main\temp_screenshots\screen_20251104_150244_614375.png
2025-11-04 15:02:45,478 - ScreenshotHandler - INFO - Screenshot saved: E:\EVA-main\temp_screenshots\screen_20251104_150245_403502.png
2025-11-04 15:02:45,756 - ScreenshotHandler - INFO - Screenshot saved: E:\EVA-main\temp_screenshots\screen_20251104_150245_634018.png
2025-11-04 15:02:57,674 - ScreenshotHandler - INFO - Screenshot saved: E:\EVA-main\temp_screenshots\screen_20251104_150257_490060.png
2025-11-04 15:04:48,458 - ScreenshotHandler - INFO - Screenshot saved: E:\EVA-main\temp_screenshots\screen_20251104_150448_345191.png
2025-11-04 15:05:17,744 - ScreenshotHandler - INFO - Screenshot saved: E:\EVA-main\temp_screenshots\screen_20251104_150517_575189.png
2025-11-04 15:06:12,383 - ScreenshotHandler - INFO - Screenshot saved: E:\EVA-main\temp_screenshots\screen_20251104_150612_297917.png
2025-11-04 15:06:42,393 - ScreenshotHandler - INFO - Screenshot saved: E:\EVA-main\temp_screenshots\screen_20251104_150642_244407.png
2025-11-04 15:08:30,415 - ScreenshotHandler - INFO - Screenshot saved: E:\EVA-main\temp_screenshots\screen_20251104_150830_319760.png
2025-11-04 15:09:01,264 - ScreenshotHandler - INFO - Screenshot saved: E:\EVA-main\temp_screenshots\screen_20251104_150901_116720.png
2025-11-04 15:12:07,680 - ScreenshotHandler - INFO - Screenshot saved: E:\EVA-main\temp_screenshots\screen_20251104_151207_577156.png
2025-11-04 15:12:52,723 - ScreenshotHandler - INFO - Screenshot saved: E:\EVA-main\temp_screenshots\screen_20251104_151252_611916.png
2025-11-04 15:14:13,678 - ScreenshotHandler - INFO - Screenshot saved: E:\EVA-main\temp_screenshots\screen_20251104_151413_564556.png
2025-11-04 15:14:47,421 - ScreenshotHandler - INFO - Screenshot saved: E:\EVA-main\temp_screenshots\screen_20251104_151447_276469.png
2025-11-04 15:34:50,892 - ScreenshotHandler - INFO - Screenshot saved: E:\EVA-main\temp_screenshots\screen_20251104_153450_786091.png
2025-11-04 15:35:19,965 - ScreenshotHandler - INFO - Screenshot saved: E:\EVA-main\temp_screenshots\screen_20251104_153519_876499.png
2025-11-04 15:35:53,029 - ScreenshotHandler - INFO - Screenshot saved: E:\EVA-main\temp_screenshots\screen_20251104_153552_930844.png
2025-11-04 15:36:27,017 - ScreenshotHandler - INFO - Screenshot saved: E:\EVA-main\temp_screenshots\screen_20251104_153626_726526.png
2025-11-04 15:37:22,095 - ScreenshotHandler - INFO - Screenshot saved: E:\EVA-main\temp_screenshots\screen_20251104_153721_974998.png
2025-11-04 15:37:58,668 - ScreenshotHandler - INFO - Screenshot saved: E:\EVA-main\temp_screenshots\screen_20251104_153758_547693.png
2025-11-04 15:39:01,162 - ScreenshotHandler - INFO - Screenshot saved: E:\EVA-main\temp_screenshots\screen_20251104_153901_037646.png
2025-11-04 15:39:32,118 - ScreenshotHandler - INFO - Screenshot saved: E:\EVA-main\temp_screenshots\screen_20251104_153931_752489.png
2025-11-04 19:37:42,898 - ScreenshotHandler - INFO - Screenshot saved: E:\EVA-main\temp_screenshots\screen_20251104_193742_769952.png
2025-11-04 19:38:35,109 - ScreenshotHandler - INFO - Screenshot saved: E:\EVA-main\temp_screenshots\screen_20251104_193835_005426.png
2025-11-05 08:36:46,981 - ScreenshotHandler - INFO - Screenshot saved: E:\EVA-main\temp_screenshots\screen_20251105_083646_794453.png
2025-11-05 08:37:14,788 - ScreenshotHandler - INFO - Screenshot saved: E:\EVA-main\temp_screenshots\screen_20251105_083714_616846.png
2025-11-05 08:37:16,867 - ScreenshotHandler - INFO - Screenshot saved: E:\EVA-main\temp_screenshots\screen_20251105_083716_665736.png
2025-11-05 08:37:21,224 - ScreenshotHandler - INFO - Screenshot saved: E:\EVA-main\temp_screenshots\screen_20251105_083720_927042.png
2025-11-05 09:50:54,298 - ScreenshotHandler - INFO - Screenshot saved: E:\EVA-main\temp_screenshots\screen_20251105_095054_188721.png
2025-11-05 09:50:55,345 - ScreenshotHandler - INFO - Screenshot saved: E:\EVA-main\temp_screenshots\screen_20251105_095055_254559.png
2025-11-05 09:50:56,426 - ScreenshotHandler - INFO - Screenshot saved: E:\EVA-main\temp_screenshots\screen_20251105_095056_289281.png
2025-11-05 10:20:03,236 - ScreenshotHandler - INFO - Screenshot saved: E:\EVA-main\temp_screenshots\screen_20251105_102003_061455.png
2025-11-05 10:20:42,813 - ScreenshotHandler - INFO - Screenshot saved: E:\EVA-main\temp_screenshots\screen_20251105_102042_729181.png
2025-11-05 12:55:22,194 - ScreenshotHandler - INFO - Screenshot saved: E:\EVA-main\temp_screenshots\screen_20251105_125522_022086.png
2025-11-05 12:55:22,350 - ScreenshotHandler - INFO - Screenshot saved: E:\EVA-main\temp_screenshots\screen_20251105_125522_221146.png
2025-11-05 12:55:23,226 - ScreenshotHandler - INFO - Screenshot saved: E:\EVA-main\temp_screenshots\screen_20251105_125523_038447.png
2025-11-05 12:55:23,323 - ScreenshotHandler - INFO - Screenshot saved: E:\EVA-main\temp_screenshots\screen_20251105_125523_191293.png
2025-11-05 12:55:24,311 - ScreenshotHandler - INFO - Screenshot saved: E:\EVA-main\temp_screenshots\screen_20251105_125524_094064.png
2025-11-05 12:55:24,378 - ScreenshotHandler - INFO - Screenshot saved: E:\EVA-main\temp_screenshots\screen_20251105_125524_205753.png
2025-11-05 17:14:37,530 - ScreenshotHandler - INFO - Screenshot saved: E:\EVA-main\temp_screenshots\screen_20251105_171437_365510.png
2025-11-05 17:15:12,049 - ScreenshotHandler - INFO - Screenshot saved: E:\EVA-main\temp_screenshots\screen_20251105_171511_976472.png
2025-11-05 17:18:01,844 - ScreenshotHandler - INFO - Screenshot saved: E:\EVA-main\temp_screenshots\screen_20251105_171801_785799.png
2025-11-05 17:18:27,897 - ScreenshotHandler - INFO - Screenshot saved: E:\EVA-main\temp_screenshots\screen_20251105_171827_830087.png
2025-11-05 17:34:51,361 - ScreenshotHandler - INFO - Screenshot saved: E:\EVA-main\temp_screenshots\screen_20251105_173451_252958.png
2025-11-05 17:35:21,862 - ScreenshotHandler - INFO - Screenshot saved: E:\EVA-main\temp_screenshots\screen_20251105_173521_780749.png
2025-11-05 17:36:22,189 - ScreenshotHandler - INFO - Screenshot saved: E:\EVA-main\temp_screenshots\screen_20251105_173622_012186.png
2025-11-05 17:36:57,931 - ScreenshotHandler - INFO - Screenshot saved: E:\EVA-main\temp_screenshots\screen_20251105_173657_786174.png
2025-11-05 17:38:02,974 - ScreenshotHandler - INFO - Screenshot saved: E:\EVA-main\temp_screenshots\screen_20251105_173802_873681.png
2025-11-05 17:38:43,437 - ScreenshotHandler - INFO - Screenshot saved: E:\EVA-main\temp_screenshots\screen_20251105_173843_233573.png
2025-11-05 18:02:35,853 - ScreenshotHandler - INFO - Screenshot saved: E:\EVA-main\temp_screenshots\screen_20251105_180235_380715.png
2025-11-05 18:02:56,606 - ScreenshotHandler - INFO - Screenshot saved: E:\EVA-main\temp_screenshots\screen_20251105_180256_511519.png
2025-11-05 18:03:02,807 - ScreenshotHandler - INFO - Screenshot saved: E:\EVA-main\temp_screenshots\screen_20251105_180302_686233.png
2025-11-05 18:03:21,619 - ScreenshotHandler - INFO - Screenshot saved: E:\EVA-main\temp_screenshots\screen_20251105_180321_502550.png
2025-11-05 18:03:27,577 - ScreenshotHandler - INFO - Screenshot saved: E:\EVA-main\temp_screenshots\screen_20251105_180327_357951.png
2025-11-05 18:03:29,573 - ScreenshotHandler - INFO - Screenshot saved: E:\EVA-main\temp_screenshots\screen_20251105_180329_317010.png
2025-11-05 18:08:20,670 - ScreenshotHandler - INFO - Screenshot saved: E:\EVA-main\temp_screenshots\screen_20251105_180820_558050.png
2025-11-05 18:08:45,617 - ScreenshotHandler - INFO - Screenshot saved: E:\EVA-main\temp_screenshots\screen_20251105_180845_543357.png
2025-11-05 18:09:58,461 - ScreenshotHandler - INFO - Screenshot saved: E:\EVA-main\temp_screenshots\screen_20251105_180958_365823.png
2025-11-05 18:10:23,450 - ScreenshotHandler - INFO - Screenshot saved: E:\EVA-main\temp_screenshots\screen_20251105_181023_380279.png
2025-11-05 18:10:29,345 - ScreenshotHandler - INFO - Screenshot saved: E:\EVA-main\temp_screenshots\screen_20251105_181029_254084.png
2025-11-05 18:11:08,005 - ScreenshotHandler - INFO - Screenshot saved: E:\EVA-main\temp_screenshots\screen_20251105_181107_904503.png
2025-11-05 18:19:53,723 - ScreenshotHandler - INFO - Screenshot saved: E:\EVA-main\temp_screenshots\screen_20251105_181953_602583.png
2025-11-05 18:20:06,072 - ScreenshotHandler - INFO - Screenshot saved: E:\EVA-main\temp_screenshots\screen_20251105_182005_942103.png
2025-11-05 18:20:39,104 - ScreenshotHandler - INFO - Screenshot saved: E:\EVA-main\temp_screenshots\screen_20251105_182039_004056.png
2025-11-05 18:20:53,408 - ScreenshotHandler - INFO - Screenshot saved: E:\EVA-main\temp_screenshots\screen_20251105_182053_231863.png
2025-11-05 18:20:56,549 - ScreenshotHandler - INFO - Screenshot saved: E:\EVA-main\temp_screenshots\screen_20251105_182056_385840.png
2025-11-05 18:21:10,119 - ScreenshotHandler - INFO - Screenshot saved: E:\EVA-main\temp_screenshots\screen_20251105_182109_955929.png
2025-11-05 18:21:13,324 - ScreenshotHandler - INFO - Screenshot saved: E:\EVA-main\temp_screenshots\screen_20251105_182113_222028.png
2025-11-05 18:22:00,492 - ScreenshotHandler - INFO - Screenshot saved: E:\EVA-main\temp_screenshots\screen_20251105_182200_377884.png
2025-11-05 18:22:02,109 - ScreenshotHandler - INFO - Screenshot saved: E:\EVA-main\temp_screenshots\screen_20251105_182201_985307.png
2025-11-05 18:22:33,128 - ScreenshotHandler - INFO - Screenshot saved: E:\EVA-main\temp_screenshots\screen_20251105_182233_030309.png
2025-11-05 18:24:06,008 - ScreenshotHandler - INFO - Screenshot saved: E:\EVA-main\temp_screenshots\screen_20251105_182405_887438.png
2025-11-06 13:21:02,879 - ScreenshotHandler - INFO - Screenshot saved: E:\EVA-main\temp_screenshots\screen_20251106_132102_754592.png
2025-11-06 13:21:33,373 - ScreenshotHandler - INFO - Screenshot saved: E:\EVA-main\temp_screenshots\screen_20251106_132133_271670.png
2025-11-06 13:22:51,565 - ScreenshotHandler - INFO - Screenshot saved: E:\EVA-main\temp_screenshots\screen_20251106_132251_491182.png
2025-11-06 13:23:20,855 - ScreenshotHandler - INFO - Screenshot saved: E:\EVA-main\temp_screenshots\screen_20251106_132320_741615.png
2025-11-06 13:26:27,638 - ScreenshotHandler - INFO - Screenshot saved: E:\EVA-main\temp_screenshots\screen_20251106_132627_549099.png
2025-11-06 13:26:55,159 - ScreenshotHandler - INFO - Screenshot saved: E:\EVA-main\temp_screenshots\screen_20251106_132655_106114.png
2025-11-06 13:39:38,917 - ScreenshotHandler - INFO - Screenshot saved: E:\EVA-main\temp_screenshots\screen_20251106_133938_813153.png
2025-11-06 13:40:07,288 - ScreenshotHandler - INFO - Screenshot saved: E:\EVA-main\temp_screenshots\screen_20251106_134007_180022.png
2025-11-06 13:45:24,342 - ScreenshotHandler - INFO - Screenshot saved: E:\EVA-main\temp_screenshots\screen_20251106_134524_255075.png
2025-11-06 18:27:47,890 - ScreenshotHandler - INFO - Screenshot saved: E:\EVA-main\temp_screenshots\screen_20251106_182747_768574.png
2025-11-06 18:28:14,119 - ScreenshotHandler - INFO - Screenshot saved: E:\EVA-main\temp_screenshots\screen_20251106_182814_048949.png
2025-11-06 18:28:14,585 - ScreenshotHandler - INFO - Screenshot saved: E:\EVA-main\temp_screenshots\screen_20251106_182814_481025.png
2025-11-06 18:28:16,260 - ScreenshotHandler - INFO - Screenshot saved: E:\EVA-main\temp_screenshots\screen_20251106_182816_170733.png
2025-11-06 18:28:17,314 - ScreenshotHandler - INFO - Screenshot saved: E:\EVA-main\temp_screenshots\screen_20251106_182817_165143.png
2025-11-06 18:28:18,298 - ScreenshotHandler - INFO - Screenshot saved: E:\EVA-main\temp_screenshots\screen_20251106_182818_152577.png
2025-11-07 20:09:32,991 - ScreenshotHandler - INFO - Screenshot saved: E:\EVA-main\temp_screenshots\screen_20251107_200932_873222.png
2025-11-07 20:09:59,852 - ScreenshotHandler - INFO - Screenshot saved: E:\EVA-main\temp_screenshots\screen_20251107_200959_797308.png
2025-11-07 20:10:01,996 - ScreenshotHandler - INFO - Screenshot saved: E:\EVA-main\temp_screenshots\screen_20251107_201001_844409.png
2025-11-07 20:10:03,657 - ScreenshotHandler - INFO - Screenshot saved: E:\EVA-main\temp_screenshots\screen_20251107_201003_563596.png
2025-11-08 21:58:39,210 - ScreenshotHandler - INFO - Screenshot saved: E:\EVA-main\temp_screenshots\screen_20251108_215839_015096.png
2025-11-08 21:58:54,446 - ScreenshotHandler - INFO - Screenshot saved: E:\EVA-main\temp_screenshots\screen_20251108_215854_279880.png
2025-11-10 12:41:30,085 - ScreenshotHandler - INFO - Screenshot saved: E:\EVA-main\temp_screenshots\screen_20251110_124129_939925.png
2025-11-10 12:42:01,827 - ScreenshotHandler - INFO - Screenshot saved: E:\EVA-main\temp_screenshots\screen_20251110_124201_765981.png
2025-11-12 11:10:48,180 - ScreenshotHandler - INFO - Screenshot saved: E:\EVA-main\temp_screenshots\screen_20251112_111048_042523.png
2025-11-12 11:11:22,722 - ScreenshotHandler - INFO - Screenshot saved: E:\EVA-main\temp_screenshots\screen_20251112_111122_473644.png
2025-11-12 11:13:19,496 - ScreenshotHandler - INFO - Screenshot saved: E:\EVA-main\temp_screenshots\screen_20251112_111319_413005.png
2025-11-12 11:13:20,542 - ScreenshotHandler - INFO - Screenshot saved: E:\EVA-main\temp_screenshots\screen_20251112_111320_399666.png
2025-11-12 11:13:21,571 - ScreenshotHandler - INFO - Screenshot saved: E:\EVA-main\temp_screenshots\screen_20251112_111321_433075.png
2025-11-12 11:13:33,531 - ScreenshotHandler - INFO - Screenshot saved: E:\EVA-main\temp_screenshots\screen_20251112_111333_366690.png
2025-11-12 11:13:33,788 - ScreenshotHandler - INFO - Screenshot saved: E:\EVA-main\temp_screenshots\screen_20251112_111333_695828.png
2025-11-12 11:13:35,257 - ScreenshotHandler - INFO - Screenshot saved: E:\EVA-main\temp_screenshots\screen_20251112_111335_112029.png
2025-11-12 11:13:35,858 - ScreenshotHandler - INFO - Screenshot saved: E:\EVA-main\temp_screenshots\screen_20251112_111335_691284.png
2025-11-12 11:45:50,631 - ScreenshotHandler - INFO - Screenshot saved: E:\EVA-main\temp_screenshots\screen_20251112_114550_545947.png
2025-11-12 11:46:21,116 - ScreenshotHandler - INFO - Screenshot saved: E:\EVA-main\temp_screenshots\screen_20251112_114621_017158.png
2025-11-12 13:16:44,123 - ScreenshotHandler - INFO - Screenshot saved: E:\EVA-main\temp_screenshots\screen_20251112_131644_023618.png
2025-11-12 13:17:12,236 - ScreenshotHandler - INFO - Screenshot saved: E:\EVA-main\temp_screenshots\screen_20251112_131712_150158.png
2025-11-17 17:06:59,161 - ScreenshotHandler - INFO - Screenshot saved: C:\Users\sabni\Desktop\Capstone_final\EVA_CODE_CRUSADERS-main\temp_screenshots\screen_20251117_170658_768854.png
2025-11-17 17:07:42,877 - ScreenshotHandler - INFO - Screenshot saved: C:\Users\sabni\Desktop\Capstone_final\EVA_CODE_CRUSADERS-main\temp_screenshots\screen_20251117_170741_933983.png
2025-11-17 17:08:16,897 - ScreenshotHandler - INFO - Screenshot saved: C:\Users\sabni\Desktop\Capstone_final\EVA_CODE_CRUSADERS-main\temp_screenshots\screen_20251117_170816_495476.png
2025-11-17 17:09:35,063 - ScreenshotHandler - INFO - Screenshot saved: C:\Users\sabni\Desktop\Capstone_final\EVA_CODE_CRUSADERS-main\temp_screenshots\screen_20251117_170934_718771.png
2025-11-17 17:09:37,041 - ScreenshotHandler - INFO - Screenshot saved: C:\Users\sabni\Desktop\Capstone_final\EVA_CODE_CRUSADERS-main\temp_screenshots\screen_20251117_170936_267321.png
2025-11-17 17:09:37,439 - ScreenshotHandler - INFO - Screenshot saved: C:\Users\sabni\Desktop\Capstone_final\EVA_CODE_CRUSADERS-main\temp_screenshots\screen_20251117_170936_733348.png
2025-11-17 17:11:16,781 - ScreenshotHandler - INFO - Screenshot saved: C:\Users\sabni\Desktop\Capstone_final\EVA_CODE_CRUSADERS-main\temp_screenshots\screen_20251117_171116_429385.png
2025-11-17 17:12:11,295 - ScreenshotHandler - INFO - Screenshot saved: C:\Users\sabni\Desktop\Capstone_final\EVA_CODE_CRUSADERS-main\temp_screenshots\screen_20251117_171210_728184.png
2025-11-17 17:12:16,508 - ScreenshotHandler - INFO - Screenshot saved: C:\Users\sabni\Desktop\Capstone_final\EVA_CODE_CRUSADERS-main\temp_screenshots\screen_20251117_171215_785005.png
2025-11-17 17:14:18,976 - ScreenshotHandler - INFO - Screenshot saved: C:\Users\sabni\Desktop\Capstone_final\EVA_CODE_CRUSADERS-main\temp_screenshots\screen_20251117_171418_639385.png
2025-11-17 17:14:37,181 - ScreenshotHandler - INFO - Screenshot saved: C:\Users\sabni\Desktop\Capstone_final\EVA_CODE_CRUSADERS-main\temp_screenshots\screen_20251117_171436_563958.png
2025-11-17 17:22:19,579 - ScreenshotHandler - INFO - Screenshot saved: C:\Users\sabni\Desktop\Capstone_final\EVA_CODE_CRUSADERS-main\temp_screenshots\screen_20251117_172219_165267.png
2025-11-17 17:23:14,154 - ScreenshotHandler - INFO - Screenshot saved: C:\Users\sabni\Desktop\Capstone_final\EVA_CODE_CRUSADERS-main\temp_screenshots\screen_20251117_172314_011879.png
2025-11-17 17:23:15,910 - ScreenshotHandler - INFO - Screenshot saved: C:\Users\sabni\Desktop\Capstone_final\EVA_CODE_CRUSADERS-main\temp_screenshots\screen_20251117_172315_713940.png
2025-11-17 17:23:35,847 - ScreenshotHandler - INFO - Screenshot saved: C:\Users\sabni\Desktop\Capstone_final\EVA_CODE_CRUSADERS-main\temp_screenshots\screen_20251117_172335_527225.png
2025-11-17 17:23:53,956 - ScreenshotHandler - INFO - Screenshot saved: C:\Users\sabni\Desktop\Capstone_final\EVA_CODE_CRUSADERS-main\temp_screenshots\screen_20251117_172353_412258.png
2025-11-17 17:25:00,185 - ScreenshotHandler - INFO - Screenshot saved: C:\Users\sabni\Desktop\Capstone_final\EVA_CODE_CRUSADERS-main\temp_screenshots\screen_20251117_172500_013095.png
2025-11-17 17:25:00,790 - ScreenshotHandler - INFO - Screenshot saved: C:\Users\sabni\Desktop\Capstone_final\EVA_CODE_CRUSADERS-main\temp_screenshots\screen_20251117_172500_549946.png
2025-11-17 17:25:02,457 - ScreenshotHandler - INFO - Screenshot saved: C:\Users\sabni\Desktop\Capstone_final\EVA_CODE_CRUSADERS-main\temp_screenshots\screen_20251117_172502_263030.png
2025-11-17 17:28:37,170 - ScreenshotHandler - INFO - Screenshot saved: C:\Users\sabni\Desktop\Capstone_final\EVA_CODE_CRUSADERS-main\temp_screenshots\screen_20251117_172836_773168.png
2025-11-17 17:29:32,335 - ScreenshotHandler - INFO - Screenshot saved: C:\Users\sabni\Desktop\Capstone_final\EVA_CODE_CRUSADERS-main\temp_screenshots\screen_20251117_172931_721423.png
2025-11-17 17:29:50,061 - ScreenshotHandler - INFO - Screenshot saved: C:\Users\sabni\Desktop\Capstone_final\EVA_CODE_CRUSADERS-main\temp_screenshots\screen_20251117_172949_471538.png
2025-11-17 17:31:05,033 - ScreenshotHandler - INFO - Screenshot saved: C:\Users\sabni\Desktop\Capstone_final\EVA_CODE_CRUSADERS-main\temp_screenshots\screen_20251117_173104_423362.png
2025-11-17 17:31:46,323 - ScreenshotHandler - INFO - Screenshot saved: C:\Users\sabni\Desktop\Capstone_final\EVA_CODE_CRUSADERS-main\temp_screenshots\screen_20251117_173145_045051.png
2025-11-17 17:32:25,875 - ScreenshotHandler - INFO - Screenshot saved: C:\Users\sabni\Desktop\Capstone_final\EVA_CODE_CRUSADERS-main\temp_screenshots\screen_20251117_173224_659912.png
2025-11-17 17:34:30,092 - ScreenshotHandler - INFO - Screenshot saved: C:\Users\sabni\Desktop\Capstone_final\EVA_CODE_CRUSADERS-main\temp_screenshots\screen_20251117_173429_083264.png
2025-11-17 17:37:43,992 - ScreenshotHandler - INFO - Screenshot saved: C:\Users\sabni\Desktop\Capstone_final\EVA_CODE_CRUSADERS-main\temp_screenshots\screen_20251117_173743_362608.png
2025-11-17 17:38:28,824 - ScreenshotHandler - INFO - Screenshot saved: C:\Users\sabni\Desktop\Capstone_final\EVA_CODE_CRUSADERS-main\temp_screenshots\screen_20251117_173826_919060.png
2025-11-17 17:40:42,309 - ScreenshotHandler - INFO - Screenshot saved: C:\Users\sabni\Desktop\Capstone_final\EVA_CODE_CRUSADERS-main\temp_screenshots\screen_20251117_174041_789835.png
2025-11-17 17:42:01,940 - ScreenshotHandler - INFO - Screenshot saved: C:\Users\sabni\Desktop\Capstone_final\EVA_CODE_CRUSADERS-main\temp_screenshots\screen_20251117_174201_558344.png
2025-11-17 17:44:00,854 - ScreenshotHandler - INFO - Screenshot saved: C:\Users\sabni\Desktop\Capstone_final\EVA_CODE_CRUSADERS-main\temp_screenshots\screen_20251117_174400_551195.png
2025-11-17 17:45:18,172 - ScreenshotHandler - INFO - Screenshot saved: C:\Users\sabni\Desktop\Capstone_final\EVA_CODE_CRUSADERS-main\temp_screenshots\screen_20251117_174517_853461.png
2025-11-17 17:47:50,031 - ScreenshotHandler - INFO - Screenshot saved: C:\Users\sabni\Desktop\Capstone_final\EVA_CODE_CRUSADERS-main\temp_screenshots\screen_20251117_174749_623651.png
2025-11-17 17:49:10,141 - ScreenshotHandler - INFO - Screenshot saved: C:\Users\sabni\Desktop\Capstone_final\EVA_CODE_CRUSADERS-main\temp_screenshots\screen_20251117_174909_715599.png
2025-11-17 17:54:40,849 - ScreenshotHandler - INFO - Screenshot saved: C:\Users\sabni\Desktop\Capstone_final\EVA_CODE_CRUSADERS-main\temp_screenshots\screen_20251117_175440_426700.png
2025-11-17 17:56:08,812 - ScreenshotHandler - INFO - Screenshot saved: C:\Users\sabni\Desktop\Capstone_final\EVA_CODE_CRUSADERS-main\temp_screenshots\screen_20251117_175608_567644.png
2025-11-17 17:58:27,783 - ScreenshotHandler - INFO - Screenshot saved: C:\Users\sabni\Desktop\Capstone_final\EVA_CODE_CRUSADERS-main\temp_screenshots\screen_20251117_175827_468714.png
2025-11-17 17:59:46,238 - ScreenshotHandler - INFO - Screenshot saved: C:\Users\sabni\Desktop\Capstone_final\EVA_CODE_CRUSADERS-main\temp_screenshots\screen_20251117_175945_517624.png
2025-11-17 17:59:48,881 - ScreenshotHandler - INFO - Screenshot saved: C:\Users\sabni\Desktop\Capstone_final\EVA_CODE_CRUSADERS-main\temp_screenshots\screen_20251117_175948_132894.png
2025-11-17 18:01:14,427 - ScreenshotHandler - INFO - Screenshot saved: C:\Users\sabni\Desktop\Capstone_final\EVA_CODE_CRUSADERS-main\temp_screenshots\screen_20251117_180114_209555.png
2025-11-17 18:02:29,868 - ScreenshotHandler - INFO - Screenshot saved: C:\Users\sabni\Desktop\Capstone_final\EVA_CODE_CRUSADERS-main\temp_screenshots\screen_20251117_180229_633365.png
2025-11-19 10:36:55,861 - ScreenshotHandler - INFO - Screenshot saved: C:\Users\sabni\Desktop\Capstone_final\EVA_CODE_CRUSADERS-main\temp_screenshots\screen_20251119_103655_578097.png
2025-11-19 10:37:39,925 - ScreenshotHandler - INFO - Screenshot saved: C:\Users\sabni\Desktop\Capstone_final\EVA_CODE_CRUSADERS-main\temp_screenshots\screen_20251119_103739_737038.png
2025-11-19 11:16:20,555 - ScreenshotHandler - INFO - Screenshot saved: C:\Users\sabni\Desktop\Capstone_final\EVA_CODE_CRUSADERS-main\temp_screenshots\screen_20251119_111620_347539.png
2025-11-19 11:58:11,610 - ScreenshotHandler - INFO - Screenshot saved: C:\Users\sabni\Desktop\Capstone_final\EVA_CODE_CRUSADERS-main\temp_screenshots\screen_20251119_115811_413610.png
2025-11-19 12:03:18,451 - ScreenshotHandler - INFO - Screenshot saved: C:\Users\sabni\Desktop\Capstone_final\EVA_CODE_CRUSADERS-main\temp_screenshots\screen_20251119_120318_186926.png
2025-11-19 12:04:02,657 - ScreenshotHandler - INFO - Screenshot saved: C:\Users\sabni\Desktop\Capstone_final\EVA_CODE_CRUSADERS-main\temp_screenshots\screen_20251119_120402_417390.png
2025-11-19 12:08:04,491 - ScreenshotHandler - INFO - Screenshot saved: C:\Users\sabni\Desktop\Capstone_final\EVA_CODE_CRUSADERS-main\temp_screenshots\screen_20251119_120804_245251.png
2025-11-19 12:08:47,204 - ScreenshotHandler - INFO - Screenshot saved: C:\Users\sabni\Desktop\Capstone_final\EVA_CODE_CRUSADERS-main\temp_screenshots\screen_20251119_120847_006536.png
2025-11-19 12:13:18,497 - ScreenshotHandler - INFO - Screenshot saved: C:\Users\sabni\Desktop\Capstone_final\EVA_CODE_CRUSADERS-main\temp_screenshots\screen_20251119_121318_304459.png
2025-11-19 12:13:59,907 - ScreenshotHandler - INFO - Screenshot saved: C:\Users\sabni\Desktop\Capstone_final\EVA_CODE_CRUSADERS-main\temp_screenshots\screen_20251119_121359_635030.png
2025-11-19 12:22:52,267 - ScreenshotHandler - INFO - Screenshot saved: C:\Users\sabni\Desktop\Capstone_final\EVA_CODE_CRUSADERS-main\temp_screenshots\screen_20251119_122252_069250.png
2025-11-19 12:23:34,550 - ScreenshotHandler - INFO - Screenshot saved: C:\Users\sabni\Desktop\Capstone_final\EVA_CODE_CRUSADERS-main\temp_screenshots\screen_20251119_122334_359778.png
2025-11-19 17:09:04,564 - ScreenshotHandler - INFO - Screenshot saved: C:\Users\sabni\Desktop\Capstone_final\EVA_CODE_CRUSADERS-main\temp_screenshots\screen_20251119_170904_343134.png
2025-11-19 17:09:47,892 - ScreenshotHandler - INFO - Screenshot saved: C:\Users\sabni\Desktop\Capstone_final\EVA_CODE_CRUSADERS-main\temp_screenshots\screen_20251119_170947_741827.png
2025-11-19 17:21:47,233 - ScreenshotHandler - INFO - Screenshot saved: C:\Users\sabni\Desktop\Capstone_final\EVA_CODE_CRUSADERS-main\temp_screenshots\screen_20251119_172147_052983.png
2025-11-19 17:22:42,267 - ScreenshotHandler - INFO - Screenshot saved: C:\Users\sabni\Desktop\Capstone_final\EVA_CODE_CRUSADERS-main\temp_screenshots\screen_20251119_172242_107197.png
2025-11-19 17:28:54,368 - ScreenshotHandler - INFO - Screenshot saved: C:\Users\sabni\Desktop\Capstone_final\EVA_CODE_CRUSADERS-main\temp_screenshots\screen_20251119_172854_215272.png
2025-11-19 17:29:44,803 - ScreenshotHandler - INFO - Screenshot saved: C:\Users\sabni\Desktop\Capstone_final\EVA_CODE_CRUSADERS-main\temp_screenshots\screen_20251119_172944_643698.png
2025-11-19 17:33:39,639 - ScreenshotHandler - INFO - Screenshot saved: C:\Users\sabni\Desktop\Capstone_final\EVA_CODE_CRUSADERS-main\temp_screenshots\screen_20251119_173339_497030.png
2025-11-19 17:34:20,161 - ScreenshotHandler - INFO - Screenshot saved: C:\Users\sabni\Desktop\Capstone_final\EVA_CODE_CRUSADERS-main\temp_screenshots\screen_20251119_173420_001514.png
2025-11-19 17:37:02,493 - ScreenshotHandler - INFO - Screenshot saved: C:\Users\sabni\Desktop\Capstone_final\EVA_CODE_CRUSADERS-main\temp_screenshots\screen_20251119_173702_343891.png
2025-11-19 17:37:45,072 - ScreenshotHandler - INFO - Screenshot saved: C:\Users\sabni\Desktop\Capstone_final\EVA_CODE_CRUSADERS-main\temp_screenshots\screen_20251119_173744_896539.png
2025-11-19 17:41:51,235 - ScreenshotHandler - INFO - Screenshot saved: C:\Users\sabni\Desktop\Capstone_final\EVA_CODE_CRUSADERS-main\temp_screenshots\screen_20251119_174151_089196.png
2025-11-19 17:42:31,646 - ScreenshotHandler - INFO - Screenshot saved: C:\Users\sabni\Desktop\Capstone_final\EVA_CODE_CRUSADERS-main\temp_screenshots\screen_20251119_174231_428995.png
2025-11-19 17:44:15,993 - ScreenshotHandler - INFO - Screenshot saved: C:\Users\sabni\Desktop\Capstone_final\EVA_CODE_CRUSADERS-main\temp_screenshots\screen_20251119_174415_850987.png
2025-11-19 17:45:05,779 - ScreenshotHandler - INFO - Screenshot saved: C:\Users\sabni\Desktop\Capstone_final\EVA_CODE_CRUSADERS-main\temp_screenshots\screen_20251119_174505_645167.png
2025-11-20 11:59:46,788 - ScreenshotHandler - INFO - Screenshot saved: C:\Users\sabni\Desktop\EVA_CODE_CRUSADERS-main\temp_screenshots\screen_20251120_115946_519468.png
2025-11-20 12:01:45,688 - ScreenshotHandler - INFO - Screenshot saved: C:\Users\sabni\Desktop\EVA_CODE_CRUSADERS-main\temp_screenshots\screen_20251120_120145_457278.png
2025-11-20 12:02:35,179 - ScreenshotHandler - INFO - Screenshot saved: C:\Users\sabni\Desktop\EVA_CODE_CRUSADERS-main\temp_screenshots\screen_20251120_120234_951418.png
2025-11-20 12:06:36,491 - ScreenshotHandler - INFO - Screenshot saved: C:\Users\sabni\Desktop\EVA_CODE_CRUSADERS-main\temp_screenshots\screen_20251120_120636_267249.png
2025-11-20 12:07:37,861 - ScreenshotHandler - INFO - Screenshot saved: C:\Users\sabni\Desktop\EVA_CODE_CRUSADERS-main\temp_screenshots\screen_20251120_120737_650371.png
2025-11-20 12:09:13,958 - ScreenshotHandler - INFO - Screenshot saved: C:\Users\sabni\Desktop\EVA_CODE_CRUSADERS-main\temp_screenshots\screen_20251120_120913_664122.png
2025-11-20 12:16:56,243 - ScreenshotHandler - INFO - Screenshot saved: C:\Users\sabni\Desktop\EVA_CODE_CRUSADERS-main\temp_screenshots\screen_20251120_121655_966209.png
2025-11-20 12:21:01,053 - ScreenshotHandler - INFO - Screenshot saved: C:\Users\sabni\Desktop\EVA_CODE_CRUSADERS-main\temp_screenshots\screen_20251120_122100_820247.png
2025-11-20 12:21:42,711 - ScreenshotHandler - INFO - Screenshot saved: C:\Users\sabni\Desktop\EVA_CODE_CRUSADERS-main\temp_screenshots\screen_20251120_122142_477842.png
2025-11-20 12:28:27,825 - ScreenshotHandler - INFO - Screenshot saved: C:\Users\sabni\Desktop\EVA_CODE_CRUSADERS-main\temp_screenshots\screen_20251120_122827_622098.png
2025-11-20 12:33:45,914 - ScreenshotHandler - INFO - Screenshot saved: C:\Users\sabni\Desktop\EVA_CODE_CRUSADERS-main\temp_screenshots\screen_20251120_123345_698438.png
2025-11-20 12:34:51,741 - ScreenshotHandler - INFO - Screenshot saved: C:\Users\sabni\Desktop\EVA_CODE_CRUSADERS-main\temp_screenshots\screen_20251120_123451_518757.png
2025-11-20 12:43:27,028 - ScreenshotHandler - INFO - Screenshot saved: C:\Users\sabni\Desktop\EVA_CODE_CRUSADERS-main\temp_screenshots\screen_20251120_124326_819157.png
2025-11-20 12:46:32,451 - ScreenshotHandler - INFO - Screenshot saved: C:\Users\sabni\Desktop\EVA_CODE_CRUSADERS-main\temp_screenshots\screen_20251120_124632_222782.png
2025-11-20 12:47:53,871 - ScreenshotHandler - INFO - Screenshot saved: C:\Users\sabni\Desktop\EVA_CODE_CRUSADERS-main\temp_screenshots\screen_20251120_124753_629652.png
2025-11-20 12:48:51,402 - ScreenshotHandler - INFO - Screenshot saved: C:\Users\sabni\Desktop\EVA_CODE_CRUSADERS-main\temp_screenshots\screen_20251120_124851_199957.png
2025-11-20 12:49:37,177 - ScreenshotHandler - INFO - Screenshot saved: C:\Users\sabni\Desktop\EVA_CODE_CRUSADERS-main\temp_screenshots\screen_20251120_124936_958408.png
2025-11-20 12:50:47,581 - ScreenshotHandler - INFO - Screenshot saved: C:\Users\sabni\Desktop\EVA_CODE_CRUSADERS-main\temp_screenshots\screen_20251120_125047_375219.png
2025-11-20 12:51:41,134 - ScreenshotHandler - INFO - Screenshot saved: C:\Users\sabni\Desktop\EVA_CODE_CRUSADERS-main\temp_screenshots\screen_20251120_125140_938394.png
2025-11-20 12:55:15,507 - ScreenshotHandler - INFO - Screenshot saved: C:\Users\sabni\Desktop\EVA_CODE_CRUSADERS-main\temp_screenshots\screen_20251120_125515_269719.png
2025-11-20 12:56:37,302 - ScreenshotHandler - INFO - Screenshot saved: C:\Users\sabni\Desktop\EVA_CODE_CRUSADERS-main\temp_screenshots\screen_20251120_125637_106624.png
2025-11-20 12:57:31,822 - ScreenshotHandler - INFO - Screenshot saved: C:\Users\sabni\Desktop\EVA_CODE_CRUSADERS-main\temp_screenshots\screen_20251120_125731_588873.png
2025-11-20 12:58:15,046 - ScreenshotHandler - INFO - Screenshot saved: C:\Users\sabni\Desktop\EVA_CODE_CRUSADERS-main\temp_screenshots\screen_20251120_125814_826343.png
2025-11-20 12:58:46,766 - ScreenshotHandler - INFO - Screenshot saved: C:\Users\sabni\Desktop\EVA_CODE_CRUSADERS-main\temp_screenshots\screen_20251120_125846_406322.png
2025-11-20 13:00:00,762 - ScreenshotHandler - INFO - Screenshot saved: C:\Users\sabni\Desktop\EVA_CODE_CRUSADERS-main\temp_screenshots\screen_20251120_130000_534514.png
2025-11-20 13:01:05,345 - ScreenshotHandler - INFO - Screenshot saved: C:\Users\sabni\Desktop\EVA_CODE_CRUSADERS-main\temp_screenshots\screen_20251120_130105_177291.png
2025-11-20 13:02:10,303 - ScreenshotHandler - INFO - Screenshot saved: C:\Users\sabni\Desktop\EVA_CODE_CRUSADERS-main\temp_screenshots\screen_20251120_130210_054847.png
2025-11-20 13:03:17,143 - ScreenshotHandler - INFO - Screenshot saved: C:\Users\sabni\Desktop\EVA_CODE_CRUSADERS-main\temp_screenshots\screen_20251120_130316_947935.png
2025-11-20 13:04:03,603 - ScreenshotHandler - INFO - Screenshot saved: C:\Users\sabni\Desktop\EVA_CODE_CRUSADERS-main\temp_screenshots\screen_20251120_130403_423960.png
2025-11-20 13:15:12,288 - ScreenshotHandler - INFO - Screenshot saved: C:\Users\sabni\Desktop\EVA_CODE_CRUSADERS-main\temp_screenshots\screen_20251120_131512_093655.png
2025-11-20 13:15:56,755 - ScreenshotHandler - INFO - Screenshot saved: C:\Users\sabni\Desktop\EVA_CODE_CRUSADERS-main\temp_screenshots\screen_20251120_131556_378188.png
2025-11-20 14:38:29,827 - ScreenshotHandler - INFO - Screenshot saved: C:\Users\sabni\Desktop\EVA_CODE_CRUSADERS-main\temp_screenshots\screen_20251120_143829_653331.png
2025-11-20 14:39:30,066 - ScreenshotHandler - INFO - Screenshot saved: C:\Users\sabni\Desktop\EVA_CODE_CRUSADERS-main\temp_screenshots\screen_20251120_143929_918590.png
2025-11-20 14:41:35,650 - ScreenshotHandler - INFO - Screenshot saved: C:\Users\sabni\Desktop\EVA_CODE_CRUSADERS-main\temp_screenshots\screen_20251120_144135_465398.png
2025-11-20 14:42:30,894 - ScreenshotHandler - INFO - Screenshot saved: C:\Users\sabni\Desktop\EVA_CODE_CRUSADERS-main\temp_screenshots\screen_20251120_144230_571351.png
2025-11-20 14:43:32,860 - ScreenshotHandler - INFO - Screenshot saved: C:\Users\sabni\Desktop\EVA_CODE_CRUSADERS-main\temp_screenshots\screen_20251120_144332_715119.png
2025-11-20 14:44:31,117 - ScreenshotHandler - INFO - Screenshot saved: C:\Users\sabni\Desktop\EVA_CODE_CRUSADERS-main\temp_screenshots\screen_20251120_144430_459594.png
2025-11-20 14:50:33,351 - ScreenshotHandler - INFO - Screenshot saved: C:\Users\sabni\Desktop\EVA_CODE_CRUSADERS-main\temp_screenshots\screen_20251120_145033_190573.png
2025-11-20 15:20:47,336 - ScreenshotHandler - INFO - Screenshot saved: C:\Users\sabni\Desktop\EVA_CODE_CRUSADERS-main\temp_screenshots\screen_20251120_152047_149323.png
2025-11-20 15:21:37,933 - ScreenshotHandler - INFO - Screenshot saved: C:\Users\sabni\Desktop\EVA_CODE_CRUSADERS-main\temp_screenshots\screen_20251120_152137_747310.png
2025-11-20 15:22:30,901 - ScreenshotHandler - INFO - Screenshot saved: C:\Users\sabni\Desktop\EVA_CODE_CRUSADERS-main\temp_screenshots\screen_20251120_152230_763241.png
2025-11-20 15:23:19,628 - ScreenshotHandler - INFO - Screenshot saved: C:\Users\sabni\Desktop\EVA_CODE_CRUSADERS-main\temp_screenshots\screen_20251120_152319_324732.png
2025-11-20 15:31:43,962 - ScreenshotHandler - INFO - Screenshot saved: C:\Users\sabni\Desktop\EVA_CODE_CRUSADERS-main\temp_screenshots\screen_20251120_153143_776105.png
2025-11-20 15:32:36,922 - ScreenshotHandler - INFO - Screenshot saved: C:\Users\sabni\Desktop\EVA_CODE_CRUSADERS-main\temp_screenshots\screen_20251120_153236_760949.png
2025-11-20 15:33:31,784 - ScreenshotHandler - INFO - Screenshot saved: C:\Users\sabni\Desktop\EVA_CODE_CRUSADERS-main\temp_screenshots\screen_20251120_153331_626704.png
2025-11-20 15:35:22,712 - ScreenshotHandler - INFO - Screenshot saved: C:\Users\sabni\Desktop\EVA_CODE_CRUSADERS-main\temp_screenshots\screen_20251120_153522_571430.png
2025-11-20 15:36:08,160 - ScreenshotHandler - INFO - Screenshot saved: C:\Users\sabni\Desktop\EVA_CODE_CRUSADERS-main\temp_screenshots\screen_20251120_153607_603401.png
2025-11-20 15:37:19,471 - ScreenshotHandler - INFO - Screenshot saved: C:\Users\sabni\Desktop\EVA_CODE_CRUSADERS-main\temp_screenshots\screen_20251120_153719_316349.png
2025-11-20 15:37:55,296 - ScreenshotHandler - INFO - Screenshot saved: C:\Users\sabni\Desktop\EVA_CODE_CRUSADERS-main\temp_screenshots\screen_20251120_153755_104685.png
2025-11-20 15:39:00,700 - ScreenshotHandler - INFO - Screenshot saved: C:\Users\sabni\Desktop\EVA_CODE_CRUSADERS-main\temp_screenshots\screen_20251120_153900_557447.png
2025-11-20 16:26:07,024 - ScreenshotHandler - INFO - Screenshot saved: C:\Users\sabni\Desktop\EVA_CODE_CRUSADERS-main\temp_screenshots\screen_20251120_162606_849326.png
2025-11-20 16:27:03,625 - ScreenshotHandler - INFO - Screenshot saved: C:\Users\sabni\Desktop\EVA_CODE_CRUSADERS-main\temp_screenshots\screen_20251120_162703_430747.png
2025-11-20 16:27:13,889 - ScreenshotHandler - INFO - Screenshot saved: C:\Users\sabni\Desktop\EVA_CODE_CRUSADERS-main\temp_screenshots\screen_20251120_162713_143209.png
2025-11-20 16:28:02,649 - ScreenshotHandler - INFO - Screenshot saved: C:\Users\sabni\Desktop\EVA_CODE_CRUSADERS-main\temp_screenshots\screen_20251120_162802_437630.png
2025-11-20 16:28:06,042 - ScreenshotHandler - INFO - Screenshot saved: C:\Users\sabni\Desktop\EVA_CODE_CRUSADERS-main\temp_screenshots\screen_20251120_162805_594273.png
2025-11-20 16:29:20,722 - ScreenshotHandler - INFO - Screenshot saved: C:\Users\sabni\Desktop\EVA_CODE_CRUSADERS-main\temp_screenshots\screen_20251120_162920_578340.png
2025-11-20 16:30:17,291 - ScreenshotHandler - INFO - Screenshot saved: C:\Users\sabni\Desktop\EVA_CODE_CRUSADERS-main\temp_screenshots\screen_20251120_163016_913200.png
2026-01-16 11:26:21,384 - ScreenshotHandler - INFO - Screenshot saved: C:\Users\yasha\OneDrive\Desktop\EVA_CODE_CRUSADERS-Shriya\temp_screenshots\screen_20260116_112621_267761.png
2026-01-16 11:26:35,133 - ScreenshotHandler - INFO - Screenshot saved: C:\Users\yasha\OneDrive\Desktop\EVA_CODE_CRUSADERS-Shriya\temp_screenshots\screen_20260116_112635_065304.png
2026-01-16 11:46:13,967 - ScreenshotHandler - INFO - Screenshot saved: C:\Users\yasha\OneDrive\Desktop\EVA_CODE_CRUSADERS-Shriya\temp_screenshots\screen_20260116_114613_885456.png
2026-01-16 11:46:26,764 - ScreenshotHandler - INFO - Screenshot saved: C:\Users\yasha\OneDrive\Desktop\EVA_CODE_CRUSADERS-Shriya\temp_screenshots\screen_20260116_114626_688561.png
2026-01-16 11:50:49,489 - ScreenshotHandler - INFO - Screenshot saved: C:\Users\yasha\OneDrive\Desktop\EVA_CODE_CRUSADERS-Shriya\temp_screenshots\screen_20260116_115049_410696.png
2026-01-16 11:51:02,554 - ScreenshotHandler - INFO - Screenshot saved: C:\Users\yasha\OneDrive\Desktop\EVA_CODE_CRUSADERS-Shriya\temp_screenshots\screen_20260116_115102_484408.png
2026-01-16 11:57:06,212 - ScreenshotHandler - INFO - Screenshot saved: C:\Users\yasha\OneDrive\Desktop\EVA_CODE_CRUSADERS-Shriya\temp_screenshots\screen_20260116_115706_110656.png
2026-01-16 11:57:19,977 - ScreenshotHandler - INFO - Screenshot saved: C:\Users\yasha\OneDrive\Desktop\EVA_CODE_CRUSADERS-Shriya\temp_screenshots\screen_20260116_115719_909481.png
2026-01-16 12:06:37,063 - ScreenshotHandler - INFO - Screenshot saved: C:\Users\yasha\OneDrive\Desktop\EVA_CODE_CRUSADERS-Shriya\temp_screenshots\screen_20260116_120636_987629.png
2026-01-16 12:06:59,633 - ScreenshotHandler - INFO - Screenshot saved: C:\Users\yasha\OneDrive\Desktop\EVA_CODE_CRUSADERS-Shriya\temp_screenshots\screen_20260116_120659_514260.png
2026-01-16 12:08:14,870 - ScreenshotHandler - INFO - Screenshot saved: C:\Users\yasha\OneDrive\Desktop\EVA_CODE_CRUSADERS-Shriya\temp_screenshots\screen_20260116_120814_745087.png
2026-01-16 12:08:43,259 - ScreenshotHandler - INFO - Screenshot saved: C:\Users\yasha\OneDrive\Desktop\EVA_CODE_CRUSADERS-Shriya\temp_screenshots\screen_20260116_120843_153385.png
2026-01-16 12:09:13,682 - ScreenshotHandler - INFO - Screenshot saved: C:\Users\yasha\OneDrive\Desktop\EVA_CODE_CRUSADERS-Shriya\temp_screenshots\screen_20260116_120913_560689.png
2026-01-16 12:09:40,449 - ScreenshotHandler - INFO - Screenshot saved: C:\Users\yasha\OneDrive\Desktop\EVA_CODE_CRUSADERS-Shriya\temp_screenshots\screen_20260116_120940_346156.png
2026-01-16 12:20:33,241 - ScreenshotHandler - INFO - Screenshot saved: C:\Users\yasha\OneDrive\Desktop\EVA_CODE_CRUSADERS-Shriya\temp_screenshots\screen_20260116_122033_103891.png
2026-01-16 12:21:01,918 - ScreenshotHandler - INFO - Screenshot saved: C:\Users\yasha\OneDrive\Desktop\EVA_CODE_CRUSADERS-Shriya\temp_screenshots\screen_20260116_122101_810711.png
