2025-10-14 21:05:07,170 - SpeechToText - INFO - Faster Whisper model loaded: base
2025-10-14 21:05:09,413 - SpeechToText - INFO - Faster Whisper model loaded: base
2025-10-14 21:05:09,503 - SpeechToText - INFO - Recording...
2025-10-14 21:05:15,801 - SpeechToText - INFO - Transcription:  Jarvis?  Jarvis?
2025-10-14 21:05:20,768 - SpeechToText - INFO - Recording...
2025-10-14 21:05:26,509 - SpeechToText - INFO - Transcription:  Thank you.
2025-10-14 21:05:29,848 - SpeechToText - INFO - Recording...
2025-10-14 21:05:35,592 - SpeechToText - INFO - Transcription:  You
2025-10-14 21:05:38,931 - SpeechToText - INFO - Recording...
2025-10-14 21:05:44,698 - SpeechToText - INFO - Transcription:  You
2025-10-14 21:05:48,046 - SpeechToText - INFO - Recording...
2025-10-14 21:05:53,788 - SpeechToText - INFO - Transcription:  You
2025-10-14 21:05:57,153 - SpeechToText - INFO - Recording...
2025-10-14 21:06:02,906 - SpeechToText - INFO - Transcription:  You
2025-10-14 21:06:06,239 - SpeechToText - INFO - Recording...
2025-10-14 21:06:11,995 - SpeechToText - INFO - Transcription:  You
2025-10-14 21:06:15,328 - SpeechToText - INFO - Recording...
2025-10-14 21:06:21,067 - SpeechToText - INFO - Transcription:  You
2025-10-14 21:06:24,420 - SpeechToText - INFO - Recording...
2025-10-14 21:06:30,149 - SpeechToText - INFO - Transcription:  You
2025-10-14 21:06:33,505 - SpeechToText - INFO - Recording...
2025-10-14 21:06:39,682 - SpeechToText - INFO - Transcription:  ...  ...  ...  ...  ...  ...  ...  ...
2025-10-14 21:06:43,027 - SpeechToText - INFO - Recording...
2025-10-14 21:06:49,838 - SpeechToText - INFO - Transcription:  Place of iron, what is that?
2025-10-14 21:06:53,200 - SpeechToText - INFO - Recording...
2025-10-14 21:11:55,696 - SpeechToText - INFO - Faster Whisper model loaded: base
2025-10-14 21:11:58,036 - SpeechToText - INFO - Faster Whisper model loaded: base
2025-10-14 21:11:58,121 - SpeechToText - INFO - Recording...
2025-10-14 21:12:03,883 - SpeechToText - INFO - Transcription:  You
2025-10-14 21:12:04,463 - SpeechToText - INFO - Faster Whisper model loaded: base
2025-10-14 21:12:04,506 - SpeechToText - INFO - Recording...
2025-10-14 21:12:10,274 - SpeechToText - INFO - Transcription:  You
2025-10-14 21:12:10,866 - SpeechToText - INFO - Faster Whisper model loaded: base
2025-10-14 21:12:11,110 - SpeechToText - INFO - Recording...
2025-10-14 21:12:16,899 - SpeechToText - INFO - Transcription:  You
2025-10-14 21:12:17,492 - SpeechToText - INFO - Faster Whisper model loaded: base
2025-10-14 21:12:17,760 - SpeechToText - INFO - Recording...
2025-10-14 21:12:23,527 - SpeechToText - INFO - Transcription:  You
2025-10-14 21:12:24,102 - SpeechToText - INFO - Faster Whisper model loaded: base
2025-10-14 21:12:24,359 - SpeechToText - INFO - Recording...
2025-10-14 21:12:30,120 - SpeechToText - INFO - Transcription:  You
2025-10-14 21:12:30,730 - SpeechToText - INFO - Faster Whisper model loaded: base
2025-10-14 21:12:31,026 - SpeechToText - INFO - Recording...
2025-10-14 21:12:36,798 - SpeechToText - INFO - Transcription:  You
2025-10-14 21:12:37,365 - SpeechToText - INFO - Faster Whisper model loaded: base
2025-10-14 21:12:37,648 - SpeechToText - INFO - Recording...
2025-10-14 21:12:43,413 - SpeechToText - INFO - Transcription:  You
2025-10-14 21:12:43,970 - SpeechToText - INFO - Faster Whisper model loaded: base
2025-10-14 21:12:44,261 - SpeechToText - INFO - Recording...
2025-10-14 21:12:50,048 - SpeechToText - INFO - Transcription:  You
2025-10-14 21:12:50,659 - SpeechToText - INFO - Faster Whisper model loaded: base
2025-10-14 21:12:50,931 - SpeechToText - INFO - Recording...
2025-10-14 21:12:56,702 - SpeechToText - INFO - Transcription:  You
2025-10-14 21:12:57,282 - SpeechToText - INFO - Faster Whisper model loaded: base
2025-10-14 21:12:57,535 - SpeechToText - INFO - Recording...
2025-10-14 21:13:03,334 - SpeechToText - INFO - Transcription:  You
2025-10-14 21:13:03,902 - SpeechToText - INFO - Faster Whisper model loaded: base
2025-10-14 21:13:04,145 - SpeechToText - INFO - Recording...
2025-10-14 21:13:09,894 - SpeechToText - INFO - Transcription:  You
2025-10-14 21:13:10,457 - SpeechToText - INFO - Faster Whisper model loaded: base
2025-10-14 21:13:10,767 - SpeechToText - INFO - Recording...
2025-10-14 21:13:16,541 - SpeechToText - INFO - Transcription:  You
2025-10-14 21:13:17,114 - SpeechToText - INFO - Faster Whisper model loaded: base
2025-10-14 21:13:17,398 - SpeechToText - INFO - Recording...
2025-10-14 21:13:23,248 - SpeechToText - INFO - Transcription:  You
2025-10-14 21:13:23,853 - SpeechToText - INFO - Faster Whisper model loaded: base
2025-10-14 21:13:24,130 - SpeechToText - INFO - Recording...
2025-10-14 21:13:29,903 - SpeechToText - INFO - Transcription:  You
2025-10-14 21:13:30,481 - SpeechToText - INFO - Faster Whisper model loaded: base
2025-10-14 21:13:30,760 - SpeechToText - INFO - Recording...
2025-10-14 21:13:36,533 - SpeechToText - INFO - Transcription:  You
2025-10-14 21:13:37,113 - SpeechToText - INFO - Faster Whisper model loaded: base
2025-10-14 21:13:37,399 - SpeechToText - INFO - Recording...
2025-10-14 21:13:43,204 - SpeechToText - INFO - Transcription:  You
2025-10-14 21:13:43,781 - SpeechToText - INFO - Faster Whisper model loaded: base
2025-10-14 21:13:44,009 - SpeechToText - INFO - Recording...
2025-10-14 21:13:49,812 - SpeechToText - INFO - Transcription:  You
2025-10-14 21:13:50,388 - SpeechToText - INFO - Faster Whisper model loaded: base
2025-10-14 21:13:50,662 - SpeechToText - INFO - Recording...
2025-10-14 21:15:41,489 - SpeechToText - INFO - Faster Whisper model loaded: base
2025-10-14 21:15:43,542 - SpeechToText - INFO - Faster Whisper model loaded: base
2025-10-14 21:15:43,918 - SpeechToText - INFO - Recording...
2025-10-14 21:15:49,723 - SpeechToText - INFO - Transcription:  You
2025-10-14 21:15:50,372 - SpeechToText - INFO - Faster Whisper model loaded: base
2025-10-14 21:15:50,645 - SpeechToText - INFO - Recording...
2025-10-14 21:15:56,400 - SpeechToText - INFO - Transcription:  You
2025-10-14 21:15:57,039 - SpeechToText - INFO - Faster Whisper model loaded: base
2025-10-14 21:15:57,325 - SpeechToText - INFO - Recording...
2025-10-14 21:16:03,069 - SpeechToText - INFO - Transcription:  You
2025-10-14 21:16:03,643 - SpeechToText - INFO - Faster Whisper model loaded: base
2025-10-14 21:16:03,939 - SpeechToText - INFO - Recording...
2025-10-14 21:16:09,698 - SpeechToText - INFO - Transcription:  You
2025-10-14 21:16:10,301 - SpeechToText - INFO - Faster Whisper model loaded: base
2025-10-14 21:16:10,602 - SpeechToText - INFO - Recording...
2025-10-14 21:16:16,400 - SpeechToText - INFO - Transcription:  You
2025-10-14 21:16:16,981 - SpeechToText - INFO - Faster Whisper model loaded: base
2025-10-14 21:16:17,277 - SpeechToText - INFO - Recording...
2025-10-14 21:16:23,084 - SpeechToText - INFO - Transcription:  You
2025-10-14 21:16:23,654 - SpeechToText - INFO - Faster Whisper model loaded: base
2025-10-14 21:16:23,917 - SpeechToText - INFO - Recording...
2025-10-14 21:16:29,695 - SpeechToText - INFO - Transcription:  You
2025-10-14 21:16:30,279 - SpeechToText - INFO - Faster Whisper model loaded: base
2025-10-14 21:16:30,559 - SpeechToText - INFO - Recording...
2025-10-14 21:16:36,289 - SpeechToText - INFO - Transcription:  You
2025-10-14 21:16:36,865 - SpeechToText - INFO - Faster Whisper model loaded: base
2025-10-14 21:16:37,119 - SpeechToText - INFO - Recording...
2025-10-14 21:16:42,866 - SpeechToText - INFO - Transcription:  You
2025-10-14 21:16:43,456 - SpeechToText - INFO - Faster Whisper model loaded: base
2025-10-14 21:16:43,738 - SpeechToText - INFO - Recording...
2025-10-14 21:16:49,488 - SpeechToText - INFO - Transcription:  You
2025-10-14 21:16:50,079 - SpeechToText - INFO - Faster Whisper model loaded: base
2025-10-14 21:16:50,339 - SpeechToText - INFO - Recording...
2025-10-14 21:16:56,071 - SpeechToText - INFO - Transcription:  You
2025-10-14 21:16:56,640 - SpeechToText - INFO - Faster Whisper model loaded: base
2025-10-14 21:16:56,938 - SpeechToText - INFO - Recording...
2025-10-14 21:17:02,696 - SpeechToText - INFO - Transcription:  You
2025-10-14 21:17:03,238 - SpeechToText - INFO - Faster Whisper model loaded: base
2025-10-14 21:17:03,523 - SpeechToText - INFO - Recording...
2025-10-14 21:17:09,258 - SpeechToText - INFO - Transcription:  You
2025-10-14 21:17:09,843 - SpeechToText - INFO - Faster Whisper model loaded: base
2025-10-14 21:17:10,143 - SpeechToText - INFO - Recording...
2025-10-14 21:17:15,879 - SpeechToText - INFO - Transcription:  You
2025-10-14 21:17:16,838 - SpeechToText - INFO - Faster Whisper model loaded: base
2025-10-14 21:17:17,141 - SpeechToText - INFO - Recording...
2025-10-14 21:17:22,882 - SpeechToText - INFO - Transcription:  You
2025-10-14 21:17:23,438 - SpeechToText - INFO - Faster Whisper model loaded: base
2025-10-14 21:17:23,704 - SpeechToText - INFO - Recording...
2025-10-14 21:17:29,436 - SpeechToText - INFO - Transcription:  You
2025-10-14 21:17:30,000 - SpeechToText - INFO - Faster Whisper model loaded: base
2025-10-14 21:17:30,307 - SpeechToText - INFO - Recording...
2025-10-14 21:17:36,051 - SpeechToText - INFO - Transcription:  You
2025-10-14 21:17:36,626 - SpeechToText - INFO - Faster Whisper model loaded: base
2025-10-14 21:17:36,908 - SpeechToText - INFO - Recording...
2025-10-14 21:17:42,657 - SpeechToText - INFO - Transcription:  You
2025-10-14 21:17:43,211 - SpeechToText - INFO - Faster Whisper model loaded: base
2025-10-14 21:17:43,508 - SpeechToText - INFO - Recording...
2025-10-14 21:17:49,253 - SpeechToText - INFO - Transcription:  You
2025-10-14 21:17:49,829 - SpeechToText - INFO - Faster Whisper model loaded: base
2025-10-14 21:17:50,132 - SpeechToText - INFO - Recording...
2025-10-14 21:17:55,874 - SpeechToText - INFO - Transcription:  You
2025-10-14 21:17:56,424 - SpeechToText - INFO - Faster Whisper model loaded: base
2025-10-14 21:17:56,711 - SpeechToText - INFO - Recording...
2025-10-14 21:18:02,438 - SpeechToText - INFO - Transcription:  You
2025-10-14 21:18:03,024 - SpeechToText - INFO - Faster Whisper model loaded: base
2025-10-14 21:18:03,323 - SpeechToText - INFO - Recording...
2025-10-14 21:18:09,063 - SpeechToText - INFO - Transcription:  You
2025-10-14 21:18:09,610 - SpeechToText - INFO - Faster Whisper model loaded: base
2025-10-14 21:18:09,894 - SpeechToText - INFO - Recording...
2025-10-14 21:18:15,638 - SpeechToText - INFO - Transcription:  You
2025-10-14 21:18:16,215 - SpeechToText - INFO - Faster Whisper model loaded: base
2025-10-14 21:18:16,501 - SpeechToText - INFO - Recording...
2025-10-14 21:18:22,237 - SpeechToText - INFO - Transcription:  You
2025-10-14 21:18:22,801 - SpeechToText - INFO - Faster Whisper model loaded: base
2025-10-14 21:18:23,094 - SpeechToText - INFO - Recording...
2025-10-14 21:18:28,841 - SpeechToText - INFO - Transcription:  You
2025-10-14 21:18:29,400 - SpeechToText - INFO - Faster Whisper model loaded: base
2025-10-14 21:18:29,663 - SpeechToText - INFO - Recording...
2025-10-14 21:18:35,412 - SpeechToText - INFO - Transcription:  You
2025-10-14 21:18:35,968 - SpeechToText - INFO - Faster Whisper model loaded: base
2025-10-14 21:18:36,265 - SpeechToText - INFO - Recording...
2025-10-14 21:18:42,006 - SpeechToText - INFO - Transcription:  You
2025-10-14 21:18:42,635 - SpeechToText - INFO - Faster Whisper model loaded: base
2025-10-14 21:18:42,939 - SpeechToText - INFO - Recording...
2025-10-14 21:18:48,676 - SpeechToText - INFO - Transcription:  You
2025-10-14 21:18:49,232 - SpeechToText - INFO - Faster Whisper model loaded: base
2025-10-14 21:18:49,523 - SpeechToText - INFO - Recording...
2025-10-14 21:18:55,261 - SpeechToText - INFO - Transcription:  You
2025-10-14 21:18:55,845 - SpeechToText - INFO - Faster Whisper model loaded: base
2025-10-14 21:18:56,113 - SpeechToText - INFO - Recording...
2025-10-14 21:19:01,869 - SpeechToText - INFO - Transcription:  You
2025-10-14 21:19:02,429 - SpeechToText - INFO - Faster Whisper model loaded: base
2025-10-14 21:19:02,692 - SpeechToText - INFO - Recording...
2025-10-14 21:19:08,437 - SpeechToText - INFO - Transcription:  You
2025-10-14 21:19:09,001 - SpeechToText - INFO - Faster Whisper model loaded: base
2025-10-14 21:19:09,293 - SpeechToText - INFO - Recording...
2025-10-14 21:19:15,030 - SpeechToText - INFO - Transcription:  You
2025-10-14 21:19:15,605 - SpeechToText - INFO - Faster Whisper model loaded: base
2025-10-14 21:19:15,879 - SpeechToText - INFO - Recording...
2025-10-14 21:19:21,655 - SpeechToText - INFO - Transcription:  You
2025-10-14 21:19:22,216 - SpeechToText - INFO - Faster Whisper model loaded: base
2025-10-14 21:19:22,487 - SpeechToText - INFO - Recording...
2025-10-14 21:19:55,967 - SpeechToText - INFO - Faster Whisper model loaded: base
2025-10-14 21:19:59,098 - SpeechToText - INFO - Faster Whisper model loaded: base
2025-10-14 21:19:59,440 - SpeechToText - INFO - Recording...
2025-10-14 21:20:05,955 - SpeechToText - INFO - Transcription:  You are this?
2025-10-14 21:20:06,520 - SpeechToText - INFO - Faster Whisper model loaded: base
2025-10-14 21:20:06,809 - SpeechToText - INFO - Recording...
2025-10-14 21:20:12,538 - SpeechToText - INFO - Transcription: 
2025-10-14 21:20:13,138 - SpeechToText - INFO - Faster Whisper model loaded: base
2025-10-14 21:20:13,438 - SpeechToText - INFO - Recording...
2025-10-14 21:20:19,155 - SpeechToText - INFO - Transcription:  Jarvis.
2025-10-14 21:20:24,395 - SpeechToText - INFO - Recording...
2025-10-14 21:20:31,109 - SpeechToText - INFO - Transcription:  Open what's up.
2025-10-14 21:21:11,926 - SpeechToText - INFO - Recording...
2025-10-14 21:21:17,689 - SpeechToText - INFO - Transcription: 
2025-10-14 21:21:17,969 - SpeechToText - INFO - Recording...
2025-10-14 21:21:23,709 - SpeechToText - INFO - Transcription: 
2025-10-14 21:21:24,002 - SpeechToText - INFO - Recording...
2025-10-14 21:21:29,755 - SpeechToText - INFO - Transcription: 
2025-10-14 21:21:30,013 - SpeechToText - INFO - Recording...
2025-10-14 21:21:35,762 - SpeechToText - INFO - Transcription: 
2025-10-14 21:21:36,039 - SpeechToText - INFO - Recording...
2025-10-14 21:21:41,774 - SpeechToText - INFO - Transcription:  Open YouTube on Google Chrome.
2025-10-14 21:22:24,126 - SpeechToText - INFO - Recording...
2025-10-14 21:22:32,234 - SpeechToText - INFO - Transcription:  Thank you very much.
2025-10-14 21:22:51,696 - SpeechToText - INFO - Recording...
2025-10-14 21:22:58,214 - SpeechToText - INFO - Transcription:  Open YouTube.
2025-10-15 10:47:59,508 - SpeechToText - INFO - Faster Whisper model loaded: base
2025-10-15 10:48:03,354 - SpeechToText - INFO - Faster Whisper model loaded: base
2025-10-15 10:48:03,840 - SpeechToText - INFO - Recording...
2025-10-15 10:48:12,205 - SpeechToText - INFO - Transcription:  Jarvis.
2025-10-15 10:48:17,771 - SpeechToText - INFO - Recording...
2025-10-15 10:48:24,598 - SpeechToText - INFO - Transcription:  Open YouTube.
2025-10-15 10:49:10,358 - SpeechToText - INFO - Recording...
2025-10-15 11:48:21,056 - SpeechToText - INFO - Faster Whisper model loaded: base
2025-10-15 12:12:37,698 - SpeechToText - INFO - Faster Whisper model loaded: base
2025-10-15 12:21:42,557 - SpeechToText - INFO - Faster Whisper model loaded: base
2025-10-15 12:21:45,908 - SpeechToText - INFO - Faster Whisper model loaded: base
2025-10-15 12:21:46,926 - SpeechToText - INFO - Faster Whisper model loaded: base
2025-10-15 12:21:48,194 - SpeechToText - INFO - Faster Whisper model loaded: base
2025-10-15 12:21:49,313 - SpeechToText - INFO - Faster Whisper model loaded: base
2025-10-15 12:21:50,335 - SpeechToText - INFO - Faster Whisper model loaded: base
2025-10-15 12:21:51,444 - SpeechToText - INFO - Faster Whisper model loaded: base
2025-10-15 12:21:52,448 - SpeechToText - INFO - Faster Whisper model loaded: base
2025-10-15 12:21:53,443 - SpeechToText - INFO - Faster Whisper model loaded: base
2025-10-15 12:23:05,870 - SpeechToText - INFO - Faster Whisper model loaded: base
2025-10-15 12:23:08,686 - SpeechToText - INFO - Faster Whisper model loaded: base
2025-10-15 12:23:09,116 - SpeechToText - INFO - Recording...
2025-10-15 12:23:15,627 - SpeechToText - INFO - Transcription:  service
2025-10-15 12:23:16,728 - SpeechToText - INFO - Faster Whisper model loaded: base
2025-10-15 12:23:16,854 - SpeechToText - INFO - Recording...
2025-10-15 12:23:22,721 - SpeechToText - INFO - Transcription:  Jarvis
2025-10-15 12:26:18,739 - SpeechToText - INFO - Faster Whisper model loaded: base
2025-10-15 12:26:21,157 - SpeechToText - INFO - Faster Whisper model loaded: base
2025-10-15 12:26:21,525 - SpeechToText - INFO - Recording...
2025-10-15 12:26:26,553 - SpeechToText - ERROR - Transcription error: 'WhisperModel' object has no attribute 'listen'
2025-10-15 12:26:27,637 - SpeechToText - INFO - Faster Whisper model loaded: base
2025-10-15 12:26:27,734 - SpeechToText - INFO - Recording...
2025-10-15 12:26:32,765 - SpeechToText - ERROR - Transcription error: 'WhisperModel' object has no attribute 'listen'
2025-10-15 12:26:33,737 - SpeechToText - INFO - Faster Whisper model loaded: base
2025-10-15 12:26:33,825 - SpeechToText - INFO - Recording...
2025-10-15 12:28:07,119 - SpeechToText - INFO - Faster Whisper model loaded: base
2025-10-15 12:28:08,948 - SpeechToText - INFO - Faster Whisper model loaded: base
2025-10-15 12:28:09,647 - SpeechToText - INFO - Faster Whisper model loaded: base
2025-10-15 12:28:10,371 - SpeechToText - INFO - Faster Whisper model loaded: base
2025-10-15 12:28:11,050 - SpeechToText - INFO - Faster Whisper model loaded: base
2025-10-15 12:28:11,714 - SpeechToText - INFO - Faster Whisper model loaded: base
2025-10-15 12:28:12,443 - SpeechToText - INFO - Faster Whisper model loaded: base
2025-10-15 12:28:13,127 - SpeechToText - INFO - Faster Whisper model loaded: base
2025-10-15 12:28:13,843 - SpeechToText - INFO - Faster Whisper model loaded: base
2025-10-15 12:28:14,525 - SpeechToText - INFO - Faster Whisper model loaded: base
2025-10-15 12:28:15,221 - SpeechToText - INFO - Faster Whisper model loaded: base
2025-10-15 12:28:15,897 - SpeechToText - INFO - Faster Whisper model loaded: base
2025-10-15 12:28:16,611 - SpeechToText - INFO - Faster Whisper model loaded: base
2025-10-15 12:28:17,295 - SpeechToText - INFO - Faster Whisper model loaded: base
2025-10-15 12:28:17,972 - SpeechToText - INFO - Faster Whisper model loaded: base
2025-10-15 12:28:18,655 - SpeechToText - INFO - Faster Whisper model loaded: base
2025-10-15 12:28:19,335 - SpeechToText - INFO - Faster Whisper model loaded: base
2025-10-15 12:28:19,995 - SpeechToText - INFO - Faster Whisper model loaded: base
2025-10-15 12:28:20,814 - SpeechToText - INFO - Faster Whisper model loaded: base
2025-10-15 12:29:00,863 - SpeechToText - INFO - Faster Whisper model loaded: base
2025-10-15 12:29:03,390 - SpeechToText - INFO - Faster Whisper model loaded: base
2025-10-15 12:29:03,726 - SpeechToText - INFO - Recording...
2025-10-15 12:29:10,188 - SpeechToText - INFO - Transcription:  Thank you.
2025-10-15 12:29:10,920 - SpeechToText - INFO - Faster Whisper model loaded: base
2025-10-15 12:29:10,999 - SpeechToText - INFO - Recording...
2025-10-15 12:29:16,657 - SpeechToText - INFO - Transcription:  Jarvis
2025-10-15 12:29:21,707 - SpeechToText - INFO - Recording...
2025-10-15 12:29:28,227 - SpeechToText - INFO - Transcription:  Open YouTube.
2025-10-15 12:29:33,531 - SpeechToText - INFO - Recording...
2025-10-15 12:29:39,306 - SpeechToText - INFO - Transcription:  You
2025-10-15 12:29:47,794 - SpeechToText - INFO - Recording...
2025-10-15 12:29:53,475 - SpeechToText - INFO - Transcription: 
2025-10-15 12:29:53,551 - SpeechToText - INFO - Recording...
2025-10-15 12:29:59,226 - SpeechToText - INFO - Transcription:  Open Google Chrome.
2025-10-15 12:30:05,079 - SpeechToText - INFO - Recording...
2025-10-15 12:30:10,810 - SpeechToText - INFO - Transcription:  Now type YouTube.
2025-10-15 12:30:24,242 - SpeechToText - INFO - Recording...
2025-10-15 12:30:30,053 - SpeechToText - INFO - Transcription:  Now click on
2025-10-15 12:30:53,087 - SpeechToText - INFO - Recording...
2025-10-15 12:30:58,839 - SpeechToText - INFO - Transcription:  Sir, Mr. Beast.
2025-10-15 12:31:10,015 - SpeechToText - INFO - Recording...
2025-10-15 12:31:15,781 - SpeechToText - INFO - Transcription:  Sir, Mr. Beast.
2025-10-15 12:31:28,025 - SpeechToText - INFO - Recording...
2025-10-15 12:31:34,667 - SpeechToText - INFO - Transcription:  Let's Google Chrome.
2025-10-15 12:31:43,135 - SpeechToText - INFO - Recording...
2025-10-15 12:31:48,895 - SpeechToText - INFO - Transcription:  You
2025-10-15 12:32:20,374 - SpeechToText - INFO - Recording...
2025-10-15 12:32:26,305 - SpeechToText - INFO - Transcription:  Open.  What's up?  Open.  What's up?
2025-10-15 12:32:35,184 - SpeechToText - INFO - Recording...
2025-10-15 12:32:40,877 - SpeechToText - INFO - Transcription:  Open what's up.
2025-10-15 12:32:46,391 - SpeechToText - INFO - Recording...
2025-10-15 12:32:54,934 - SpeechToText - INFO - Transcription: 
2025-10-15 12:32:55,022 - SpeechToText - INFO - Recording...
2025-10-15 12:33:00,762 - SpeechToText - INFO - Transcription: 
2025-10-15 12:33:00,848 - SpeechToText - INFO - Recording...
2025-10-15 12:33:06,560 - SpeechToText - INFO - Transcription:  You
2025-10-15 12:33:15,112 - SpeechToText - INFO - Recording...
2025-10-15 12:33:20,842 - SpeechToText - INFO - Transcription:  Open the chat of your...
2025-10-15 12:33:27,099 - SpeechToText - INFO - Recording...
2025-10-15 12:33:32,838 - SpeechToText - INFO - Transcription:  Close, what's up?
2025-10-15 12:33:43,511 - SpeechToText - INFO - Recording...
2025-10-15 12:34:01,747 - SpeechToText - INFO - Faster Whisper model loaded: base
2025-10-15 12:34:04,862 - SpeechToText - INFO - Faster Whisper model loaded: base
2025-10-15 12:34:05,231 - SpeechToText - INFO - Recording...
2025-10-15 12:34:10,918 - SpeechToText - INFO - Transcription:  Jarvis
2025-10-15 12:34:15,928 - SpeechToText - INFO - Recording...
2025-10-15 12:34:21,637 - SpeechToText - INFO - Transcription:  Set my brightness to 10%
2025-10-15 12:34:52,756 - SpeechToText - INFO - Recording...
2025-10-15 12:34:58,540 - SpeechToText - INFO - Transcription:  So it's my volume could be 20%
2025-10-15 12:35:27,842 - SpeechToText - INFO - Recording...
2025-10-15 12:35:33,542 - SpeechToText - INFO - Transcription:  Put my laptop to sleep.
2025-10-15 15:38:11,939 - SpeechToText - INFO - Recording...
2025-10-15 15:38:18,132 - SpeechToText - INFO - Transcription:  You
2025-10-15 16:00:10,111 - SpeechToText - INFO - Faster Whisper model loaded: base
2025-10-15 16:10:19,401 - SpeechToText - INFO - Faster Whisper model loaded: base
2025-10-15 16:12:30,100 - SpeechToText - INFO - Faster Whisper model loaded: base
2025-10-15 16:15:27,280 - SpeechToText - INFO - Faster Whisper model loaded: base
2025-10-15 16:15:32,958 - SpeechToText - INFO - Recording...
2025-10-15 16:15:40,189 - SpeechToText - INFO - Transcription:  Jarvis?
2025-10-15 16:17:00,865 - SpeechToText - INFO - Recording...
2025-10-15 16:17:07,463 - SpeechToText - INFO - Transcription:  open spotify and place a fire
2025-10-15 16:17:26,242 - SpeechToText - INFO - Recording...
2025-10-15 16:17:32,740 - SpeechToText - INFO - Transcription:  This is a fire on Spotify.
2025-10-15 16:18:14,459 - SpeechToText - INFO - Recording...
2025-10-15 16:18:21,054 - SpeechToText - INFO - Transcription:  set my volume to 30%
2025-10-15 16:19:19,677 - SpeechToText - INFO - Recording...
2025-10-15 16:19:28,158 - SpeechToText - INFO - Transcription:  I'm blue, too.
2025-10-15 16:19:49,741 - SpeechToText - INFO - Recording...
2025-10-15 16:19:56,352 - SpeechToText - INFO - Transcription:  My laptop on sleep.
2025-10-15 16:20:04,866 - SpeechToText - INFO - Recording...
2025-10-15 16:20:11,478 - SpeechToText - INFO - Transcription:  Shut down my laptop.
2025-10-21 01:06:58,193 - SpeechToText - INFO - Faster Whisper model loaded: base
2025-10-21 01:07:16,592 - SpeechToText - INFO - Recording...
2025-10-21 01:07:28,874 - SpeechToText - INFO - Transcription:  Do you have this?
2025-10-21 01:07:41,418 - SpeechToText - INFO - Recording...
2025-10-21 01:07:51,135 - SpeechToText - INFO - Transcription:  Analyse my screen.
2025-10-27 17:57:49,330 - SpeechToText - INFO - Faster Whisper model loaded: base
2025-10-27 17:57:58,997 - SpeechToText - INFO - Recording...
2025-10-27 17:58:07,035 - SpeechToText - INFO - Transcription:  service
2025-10-27 17:58:38,035 - SpeechToText - INFO - Recording...
2025-10-27 17:58:44,788 - SpeechToText - INFO - Transcription:  Play a YouTube video of Mr. Waste.
2025-10-27 17:59:10,391 - SpeechToText - INFO - Recording...
2025-10-27 17:59:16,912 - SpeechToText - INFO - Transcription:  Open Google Chrome.
2025-10-27 17:59:29,184 - SpeechToText - INFO - Recording...
2025-10-27 17:59:35,810 - SpeechToText - INFO - Transcription:  Clio's Google Chrome.
2025-10-27 17:59:48,921 - SpeechToText - INFO - Recording...
2025-10-27 17:59:55,663 - SpeechToText - INFO - Transcription:  Send high to 4-7 watts up.
2025-10-27 18:00:34,907 - SpeechToText - INFO - Recording...
2025-10-27 18:00:41,575 - SpeechToText - INFO - Transcription:  Send high to polymorphism on whatsapp.
2025-10-27 18:01:24,313 - SpeechToText - INFO - Recording...
2025-10-27 18:01:31,108 - SpeechToText - INFO - Transcription:  Send high to polymorphism.
2025-10-27 18:02:15,008 - SpeechToText - INFO - Faster Whisper model loaded: base
2025-10-27 18:02:20,883 - SpeechToText - INFO - Recording...
2025-10-27 18:02:27,409 - SpeechToText - INFO - Transcription:  set volume to 30%
2025-10-30 17:23:49,686 - SpeechToText - INFO - Faster Whisper model loaded: base
2025-10-30 17:23:58,506 - SpeechToText - INFO - Recording...
2025-10-30 17:24:06,499 - SpeechToText - INFO - Transcription:  Open Spotify.
2025-10-30 17:24:22,461 - SpeechToText - INFO - Recording...
2025-10-30 17:24:30,984 - SpeechToText - INFO - Transcription:  0.5, close 0.5.
2025-10-30 17:27:38,688 - SpeechToText - INFO - Recording...
2025-10-30 17:27:45,379 - SpeechToText - INFO - Transcription:  Open, what is up?
2025-10-30 17:27:53,262 - SpeechToText - INFO - Recording...
2025-10-30 17:27:59,777 - SpeechToText - INFO - Transcription:  Open what's up
2025-10-30 17:28:10,772 - SpeechToText - INFO - Recording...
2025-10-30 17:28:19,016 - SpeechToText - INFO - Transcription:  Send high to Thakre
2025-10-30 17:28:34,891 - SpeechToText - INFO - Recording...
2025-10-30 17:28:41,430 - SpeechToText - INFO - Transcription:  Set system volume to 30%
2025-10-30 19:44:40,600 - SpeechToText - INFO - Faster Whisper model loaded: large
2025-10-30 19:54:48,410 - SpeechToText - INFO - Faster Whisper model loaded: large
2025-10-30 19:57:12,351 - SpeechToText - INFO - Faster Whisper model loaded: large
2025-10-30 20:05:31,879 - SpeechToText - INFO - Faster Whisper model loaded: large
2025-10-30 20:07:49,939 - SpeechToText - INFO - Faster Whisper model loaded: large
2025-10-30 20:11:34,843 - SpeechToText - INFO - Faster Whisper model loaded: large
2025-10-30 20:15:04,161 - SpeechToText - INFO - Faster Whisper model loaded: large
2025-10-30 20:25:18,344 - SpeechToText - INFO - Faster Whisper model loaded: large
2025-10-30 20:25:44,959 - SpeechToText - INFO - Recording...
2025-10-30 20:25:59,900 - SpeechToText - INFO - Transcription:  open spotify
2025-10-30 20:26:02,148 - SpeechToText - INFO - Recording...
2025-10-30 20:26:17,056 - SpeechToText - INFO - Transcription:  close spotify
2025-10-30 20:26:22,626 - SpeechToText - INFO - Recording...
2025-10-30 20:26:37,623 - SpeechToText - INFO - Transcription:  Goodbye Jarvis.
2025-10-30 20:33:59,082 - SpeechToText - INFO - Faster Whisper model loaded: large
2025-10-30 20:34:22,340 - SpeechToText - INFO - Recording...
2025-10-30 20:34:37,068 - SpeechToText - INFO - Transcription:  Open spotify
2025-10-30 20:34:39,316 - SpeechToText - INFO - Recording...
2025-10-30 20:34:53,884 - SpeechToText - INFO - Transcription:  Thank you.
2025-10-30 20:34:58,679 - SpeechToText - INFO - Recording...
2025-10-30 20:45:15,061 - SpeechToText - INFO - Faster Whisper model loaded: large
2025-10-30 20:46:28,327 - SpeechToText - INFO - Recording...
2025-10-30 20:46:43,289 - SpeechToText - INFO - Transcription:  set system volume to 30%
2025-10-30 20:46:47,884 - SpeechToText - INFO - Recording...
2025-10-30 20:47:02,495 - SpeechToText - INFO - Transcription:  open spotify
2025-10-30 20:47:04,732 - SpeechToText - INFO - Recording...
2025-10-30 20:47:21,032 - SpeechToText - INFO - Transcription:  Thank you.
2025-10-30 20:47:25,850 - SpeechToText - INFO - Recording...
2025-10-30 20:47:41,056 - SpeechToText - INFO - Transcription:  Goodbye Jarvis.
2025-10-30 22:19:44,663 - SpeechToText - INFO - Faster Whisper model loaded: large
2025-10-30 22:20:22,454 - SpeechToText - INFO - Recording...
2025-10-30 22:20:38,192 - SpeechToText - INFO - Transcription:  set system volume to 30%
2025-10-30 22:20:38,200 - SpeechToText - INFO - Recording...
2025-10-30 22:20:53,696 - SpeechToText - INFO - Transcription:  Thank you.
2025-10-30 22:20:53,712 - SpeechToText - INFO - Recording...
2025-10-30 22:21:09,090 - SpeechToText - INFO - Transcription:  Thank you.
2025-10-30 22:21:09,099 - SpeechToText - INFO - Recording...
2025-10-30 22:36:38,647 - SpeechToText - INFO - Faster Whisper model loaded: large
2025-10-30 22:36:43,852 - SpeechToText - INFO - Recording...
2025-10-30 22:36:59,290 - SpeechToText - INFO - Transcription:  volume to 30 percent
2025-10-30 22:36:59,406 - SpeechToText - INFO - Recording...
2025-10-30 22:37:15,018 - SpeechToText - INFO - Transcription:  Thank you.
2025-10-30 22:37:15,035 - SpeechToText - INFO - Recording...
2025-10-30 22:37:30,628 - SpeechToText - INFO - Transcription:  set brightness to 1%
2025-10-30 22:37:30,742 - SpeechToText - INFO - Recording...
2025-10-30 22:37:46,321 - SpeechToText - INFO - Transcription:  Wow!
2025-10-30 22:37:46,330 - SpeechToText - INFO - Recording...
2025-10-30 22:38:01,999 - SpeechToText - INFO - Transcription:  set volume to 50%
2025-10-30 22:38:02,100 - SpeechToText - INFO - Recording...
2025-10-30 22:38:17,943 - SpeechToText - INFO - Transcription:  Thank you.
2025-10-30 22:38:17,952 - SpeechToText - INFO - Recording...
2025-10-30 22:38:33,464 - SpeechToText - INFO - Transcription:  Thank you.
2025-10-30 22:38:33,473 - SpeechToText - INFO - Recording...
2025-10-30 22:38:49,059 - SpeechToText - INFO - Transcription:  Open VSCode
2025-10-30 22:38:49,068 - SpeechToText - INFO - Recording...
2025-10-30 22:39:04,732 - SpeechToText - INFO - Transcription:  Thank you.
2025-10-30 22:39:04,742 - SpeechToText - INFO - Recording...
2025-10-30 22:39:20,602 - SpeechToText - INFO - Transcription:  Goodbye Jarvis.
2025-10-30 22:46:35,246 - SpeechToText - INFO - Faster Whisper model loaded: large
2025-10-30 22:46:41,000 - SpeechToText - INFO - Recording...
2025-10-30 22:46:57,538 - SpeechToText - INFO - Transcription:  set volume to 30%
2025-10-30 22:46:57,657 - SpeechToText - INFO - Recording...
2025-10-30 22:47:12,966 - SpeechToText - INFO - Transcription:  Thank you.
2025-10-30 22:47:12,981 - SpeechToText - INFO - Recording...
2025-10-30 22:47:28,415 - SpeechToText - INFO - Transcription:  set bright
2025-10-30 22:47:28,425 - SpeechToText - INFO - Recording...
2025-10-30 22:47:43,843 - SpeechToText - INFO - Transcription:  set
2025-10-30 22:47:43,851 - SpeechToText - INFO - Recording...
2025-10-30 22:47:59,201 - SpeechToText - INFO - Transcription:  Thank you.
2025-10-30 22:47:59,209 - SpeechToText - INFO - Recording...
2025-10-30 22:48:14,643 - SpeechToText - INFO - Transcription:  Thank you.
2025-10-30 22:48:14,652 - SpeechToText - INFO - Recording...
2025-10-30 22:48:29,926 - SpeechToText - INFO - Transcription:  Open VSCode
2025-10-30 22:48:29,935 - SpeechToText - INFO - Recording...
2025-10-30 22:48:45,327 - SpeechToText - INFO - Transcription:  Thank you.
2025-10-30 22:48:45,336 - SpeechToText - INFO - Recording...
2025-10-30 22:49:00,665 - SpeechToText - INFO - Transcription:  Thank you.
2025-10-30 22:49:00,673 - SpeechToText - INFO - Recording...
2025-10-30 22:58:07,034 - SpeechToText - INFO - Faster Whisper model loaded: large
2025-10-30 22:58:16,319 - SpeechToText - INFO - 🎤 Recording (speak now, will auto-stop after silence)...
2025-10-30 22:58:17,854 - SpeechToText - INFO - ✓ Silence detected, stopping recording
2025-10-30 22:58:17,872 - SpeechToText - INFO - ✓ Recording saved (1.5 seconds)
2025-10-30 22:58:28,077 - SpeechToText - INFO - 📴 Only silence detected
2025-10-30 23:03:38,977 - SpeechToText - INFO - Faster Whisper model loaded: large
2025-10-30 23:03:45,108 - SpeechToText - INFO - 🎤 Recording (speak clearly, you have 10 seconds)...
2025-10-30 23:03:55,110 - SpeechToText - INFO - ✓ Recording saved (10.0 seconds)
2025-10-30 23:04:05,213 - SpeechToText - INFO - Transcription: open spotify
2025-10-30 23:04:05,230 - SpeechToText - INFO - 🎤 Recording (speak clearly, you have 10 seconds)...
2025-10-30 23:04:15,242 - SpeechToText - INFO - ✓ Recording saved (10.0 seconds)
2025-10-30 23:04:25,594 - SpeechToText - INFO - Transcription: set volume to 30%
2025-10-30 23:04:25,714 - SpeechToText - INFO - 🎤 Recording (speak clearly, you have 10 seconds)...
2025-10-30 23:04:35,716 - SpeechToText - INFO - ✓ Recording saved (10.0 seconds)
2025-10-30 23:04:46,019 - SpeechToText - INFO - Transcription: set brightness to 2%
2025-10-30 23:04:46,129 - SpeechToText - INFO - 🎤 Recording (speak clearly, you have 10 seconds)...
2025-10-30 23:04:56,131 - SpeechToText - INFO - ✓ Recording saved (10.0 seconds)
2025-10-30 23:05:06,264 - SpeechToText - INFO - Transcription: Open VSCode
2025-10-30 23:05:06,273 - SpeechToText - INFO - 🎤 Recording (speak clearly, you have 10 seconds)...
2025-10-30 23:05:16,283 - SpeechToText - INFO - ✓ Recording saved (10.0 seconds)
2025-10-30 23:05:26,458 - SpeechToText - INFO - Transcription: Goodbye Jarvis.
2025-10-30 23:13:05,251 - SpeechToText - INFO - Faster Whisper model loaded: large
2025-10-30 23:13:10,059 - SpeechToText - INFO - 🎤 Recording (speak clearly, you have 10 seconds)...
2025-10-30 23:13:20,066 - SpeechToText - INFO - ✓ Recording saved (10.0 seconds)
2025-10-30 23:13:30,280 - SpeechToText - INFO - Transcription: set volume to 30
2025-10-30 23:13:31,167 - SpeechToText - INFO - 🎤 Recording (speak clearly, you have 10 seconds)...
2025-10-30 23:13:41,168 - SpeechToText - INFO - ✓ Recording saved (10.0 seconds)
2025-10-30 23:13:51,512 - SpeechToText - INFO - Transcription: set volume to 100
2025-10-30 23:13:52,315 - SpeechToText - INFO - 🎤 Recording (speak clearly, you have 10 seconds)...
2025-10-30 23:14:02,314 - SpeechToText - INFO - ✓ Recording saved (10.0 seconds)
2025-10-30 23:14:12,418 - SpeechToText - INFO - Transcription: Open Spotify.
2025-10-30 23:14:14,043 - SpeechToText - INFO - 🎤 Recording (speak clearly, you have 10 seconds)...
2025-10-30 23:14:24,046 - SpeechToText - INFO - ✓ Recording saved (10.0 seconds)
2025-10-30 23:14:36,611 - SpeechToText - INFO - Transcription: Close Spotify.
2025-10-30 23:14:36,626 - SpeechToText - INFO - 🎤 Recording (speak clearly, you have 10 seconds)...
2025-10-30 23:14:46,626 - SpeechToText - INFO - ✓ Recording saved (10.0 seconds)
2025-10-30 23:14:57,019 - SpeechToText - INFO - Transcription: open whatsapp
2025-10-30 23:14:58,667 - SpeechToText - INFO - 🎤 Recording (speak clearly, you have 10 seconds)...
2025-10-30 23:15:08,668 - SpeechToText - INFO - ✓ Recording saved (10.0 seconds)
2025-10-30 23:15:19,119 - SpeechToText - INFO - Transcription: open crazy 2.0 text
2025-10-30 23:15:21,084 - SpeechToText - INFO - 🎤 Recording (speak clearly, you have 10 seconds)...
2025-10-30 23:15:31,080 - SpeechToText - INFO - ✓ Recording saved (10.0 seconds)
2025-10-30 23:15:42,663 - SpeechToText - INFO - Transcription: In this navigate to crazy 2.0
2025-10-30 23:15:42,678 - SpeechToText - INFO - 🎤 Recording (speak clearly, you have 10 seconds)...
2025-10-30 23:15:52,687 - SpeechToText - INFO - ✓ Recording saved (10.0 seconds)
2025-10-30 23:16:03,266 - SpeechToText - INFO - Transcription: Thank you.
2025-10-30 23:16:03,278 - SpeechToText - INFO - 🎤 Recording (speak clearly, you have 10 seconds)...
2025-10-30 23:16:13,276 - SpeechToText - INFO - ✓ Recording saved (10.0 seconds)
2025-10-30 23:16:23,491 - SpeechToText - INFO - Transcription: Thank you.
2025-10-30 23:16:23,502 - SpeechToText - INFO - 🎤 Recording (speak clearly, you have 10 seconds)...
2025-10-30 23:16:33,507 - SpeechToText - INFO - ✓ Recording saved (10.0 seconds)
2025-10-30 23:16:43,671 - SpeechToText - INFO - Transcription: Thank you.
2025-10-30 23:16:43,679 - SpeechToText - INFO - 🎤 Recording (speak clearly, you have 10 seconds)...
2025-10-30 23:16:53,688 - SpeechToText - INFO - ✓ Recording saved (10.0 seconds)
2025-10-30 23:17:04,313 - SpeechToText - INFO - Transcription: navigate to my notes
2025-10-30 23:17:04,326 - SpeechToText - INFO - 🎤 Recording (speak clearly, you have 10 seconds)...
2025-10-30 23:17:14,328 - SpeechToText - INFO - ✓ Recording saved (10.0 seconds)
2025-10-30 23:17:25,868 - SpeechToText - INFO - Transcription: Thank you.
2025-10-30 23:17:25,878 - SpeechToText - INFO - 🎤 Recording (speak clearly, you have 10 seconds)...
2025-10-30 23:17:35,880 - SpeechToText - INFO - ✓ Recording saved (10.0 seconds)
2025-10-30 23:17:46,012 - SpeechToText - INFO - Transcription: Thank you.
2025-10-30 23:17:46,020 - SpeechToText - INFO - 🎤 Recording (speak clearly, you have 10 seconds)...
2025-10-30 23:17:56,019 - SpeechToText - INFO - ✓ Recording saved (10.0 seconds)
2025-10-30 23:18:06,230 - SpeechToText - INFO - Transcription: Thank you.
2025-10-30 23:18:06,238 - SpeechToText - INFO - 🎤 Recording (speak clearly, you have 10 seconds)...
2025-10-30 23:18:16,236 - SpeechToText - INFO - ✓ Recording saved (10.0 seconds)
2025-10-30 23:18:26,414 - SpeechToText - INFO - Transcription: Thank you.
2025-10-30 23:18:26,424 - SpeechToText - INFO - 🎤 Recording (speak clearly, you have 10 seconds)...
2025-10-30 23:18:36,424 - SpeechToText - INFO - ✓ Recording saved (10.0 seconds)
2025-10-30 23:18:46,700 - SpeechToText - INFO - Transcription: Thank you.
2025-10-30 23:18:46,709 - SpeechToText - INFO - 🎤 Recording (speak clearly, you have 10 seconds)...
2025-10-30 23:18:56,711 - SpeechToText - INFO - ✓ Recording saved (10.0 seconds)
2025-10-30 23:19:06,864 - SpeechToText - INFO - Transcription: Goodbye Jarvis.
2025-10-30 23:28:49,776 - SpeechToText - INFO - Faster Whisper model loaded: large
2025-10-30 23:28:55,510 - SpeechToText - INFO - 🎤 Recording (speak clearly, you have 10 seconds)...
2025-10-30 23:29:05,510 - SpeechToText - INFO - ✓ Recording saved (10.0 seconds)
2025-10-30 23:29:15,889 - SpeechToText - INFO - Transcription: set volume to 30%
2025-10-30 23:29:18,470 - SpeechToText - INFO - 🎤 Recording (speak clearly, you have 10 seconds)...
2025-10-30 23:29:28,476 - SpeechToText - INFO - ✓ Recording saved (10.0 seconds)
2025-10-30 23:29:38,685 - SpeechToText - INFO - Transcription: Thank you.
2025-10-30 23:29:38,723 - SpeechToText - INFO - 🎤 Recording (speak clearly, you have 10 seconds)...
2025-10-30 23:29:48,728 - SpeechToText - INFO - ✓ Recording saved (10.0 seconds)
2025-10-30 23:29:58,833 - SpeechToText - INFO - Transcription: Open Whatsapp
2025-10-30 23:30:00,498 - SpeechToText - INFO - 🎤 Recording (speak clearly, you have 10 seconds)...
2025-10-30 23:30:10,488 - SpeechToText - INFO - ✓ Recording saved (10.0 seconds)
2025-10-30 23:30:20,915 - SpeechToText - INFO - Transcription: Thank you for watching.
2025-10-30 23:30:20,950 - SpeechToText - INFO - 🎤 Recording (speak clearly, you have 10 seconds)...
2025-10-30 23:30:30,958 - SpeechToText - INFO - ✓ Recording saved (10.0 seconds)
2025-10-30 23:30:41,711 - SpeechToText - INFO - Transcription: navigate to my notes chat
2025-10-30 23:30:41,745 - SpeechToText - INFO - 🎤 Recording (speak clearly, you have 10 seconds)...
2025-10-30 23:30:51,754 - SpeechToText - INFO - ✓ Recording saved (10.0 seconds)
2025-10-30 23:31:01,920 - SpeechToText - INFO - Transcription: Open spotify
2025-10-30 23:31:03,510 - SpeechToText - INFO - 🎤 Recording (speak clearly, you have 10 seconds)...
2025-10-30 23:31:13,518 - SpeechToText - INFO - ✓ Recording saved (10.0 seconds)
2025-10-30 23:31:25,902 - SpeechToText - INFO - Transcription: Play the song.
2025-10-30 23:31:25,938 - SpeechToText - INFO - 🎤 Recording (speak clearly, you have 10 seconds)...
2025-10-30 23:31:35,939 - SpeechToText - INFO - ✓ Recording saved (10.0 seconds)
2025-10-30 23:31:46,902 - SpeechToText - INFO - Transcription: Play the song sapphire on it.
2025-10-30 23:31:46,943 - SpeechToText - INFO - 🎤 Recording (speak clearly, you have 10 seconds)...
2025-10-30 23:31:56,953 - SpeechToText - INFO - ✓ Recording saved (10.0 seconds)
2025-10-30 23:38:41,706 - SpeechToText - INFO - Faster Whisper model loaded: large
2025-10-30 23:38:47,293 - SpeechToText - INFO - 🎤 Recording (speak clearly, you have 10 seconds)...
2025-10-30 23:38:57,295 - SpeechToText - INFO - ✓ Recording saved (10.0 seconds)
2025-10-30 23:39:07,533 - SpeechToText - INFO - Transcription: open spotify
2025-10-30 23:39:10,209 - SpeechToText - INFO - 🎤 Recording (speak clearly, you have 10 seconds)...
2025-10-30 23:39:20,209 - SpeechToText - INFO - ✓ Recording saved (10.0 seconds)
2025-10-30 23:39:33,098 - SpeechToText - INFO - Transcription: now play sapphire on
2025-10-30 23:39:33,144 - SpeechToText - INFO - 🎤 Recording (speak clearly, you have 10 seconds)...
2025-10-30 23:39:43,144 - SpeechToText - INFO - ✓ Recording saved (10.0 seconds)
2025-10-30 23:39:54,013 - SpeechToText - INFO - Transcription: now place a fire on it
2025-10-30 23:39:54,052 - SpeechToText - INFO - 🎤 Recording (speak clearly, you have 10 seconds)...
2025-10-30 23:40:04,061 - SpeechToText - INFO - ✓ Recording saved (10.0 seconds)
2025-10-30 23:40:14,657 - SpeechToText - INFO - Transcription: place a fire.
2025-10-30 23:40:14,691 - SpeechToText - INFO - 🎤 Recording (speak clearly, you have 10 seconds)...
2025-10-30 23:40:24,683 - SpeechToText - INFO - ✓ Recording saved (10.0 seconds)
2025-10-30 23:40:34,895 - SpeechToText - INFO - Transcription: Play Sapphire
2025-10-30 23:40:34,928 - SpeechToText - INFO - 🎤 Recording (speak clearly, you have 10 seconds)...
2025-10-30 23:40:44,929 - SpeechToText - INFO - ✓ Recording saved (10.0 seconds)
2025-10-30 23:40:55,158 - SpeechToText - INFO - Transcription: Thank you.
2025-10-30 23:40:55,194 - SpeechToText - INFO - 🎤 Recording (speak clearly, you have 10 seconds)...
2025-10-30 23:41:05,198 - SpeechToText - INFO - ✓ Recording saved (10.0 seconds)
2025-10-30 23:41:15,588 - SpeechToText - INFO - Transcription: Play music.
2025-10-30 23:41:15,624 - SpeechToText - INFO - 🎤 Recording (speak clearly, you have 10 seconds)...
2025-10-30 23:41:25,640 - SpeechToText - INFO - ✓ Recording saved (10.0 seconds)
2025-10-30 23:41:35,964 - SpeechToText - INFO - Transcription: Play the next video.
2025-10-30 23:41:35,999 - SpeechToText - INFO - 🎤 Recording (speak clearly, you have 10 seconds)...
2025-10-30 23:41:46,005 - SpeechToText - INFO - ✓ Recording saved (10.0 seconds)
2025-10-30 23:41:56,281 - SpeechToText - INFO - Transcription: Thank you.
2025-10-30 23:41:56,311 - SpeechToText - INFO - 🎤 Recording (speak clearly, you have 10 seconds)...
2025-10-30 23:42:06,309 - SpeechToText - INFO - ✓ Recording saved (10.0 seconds)
2025-10-30 23:42:16,622 - SpeechToText - INFO - Transcription: Play the previous song.
2025-10-30 23:42:16,653 - SpeechToText - INFO - 🎤 Recording (speak clearly, you have 10 seconds)...
2025-10-30 23:42:26,649 - SpeechToText - INFO - ✓ Recording saved (10.0 seconds)
2025-10-30 23:56:48,697 - SpeechToText - INFO - Faster Whisper model loaded: large
2025-10-30 23:56:55,968 - SpeechToText - INFO - 🎤 Recording (speak clearly, you have 10 seconds)...
2025-10-30 23:57:05,984 - SpeechToText - INFO - ✓ Recording saved (10.0 seconds)
2025-10-30 23:57:15,841 - SpeechToText - INFO - Transcription: Open Spotify
2025-10-30 23:57:17,885 - SpeechToText - INFO - 🎤 Recording (speak clearly, you have 10 seconds)...
2025-10-30 23:57:27,900 - SpeechToText - INFO - ✓ Recording saved (10.0 seconds)
2025-10-30 23:57:37,742 - SpeechToText - INFO - Transcription: set system
2025-10-30 23:57:39,802 - SpeechToText - INFO - 🎤 Recording (speak clearly, you have 10 seconds)...
2025-10-30 23:57:49,826 - SpeechToText - INFO - ✓ Recording saved (10.0 seconds)
2025-10-30 23:57:59,887 - SpeechToText - INFO - Transcription: set system volume to 30%
2025-10-30 23:58:01,954 - SpeechToText - INFO - 🎤 Recording (speak clearly, you have 10 seconds)...
2025-10-31 00:03:53,199 - SpeechToText - INFO - Faster Whisper model loaded: large
2025-10-31 00:04:00,790 - SpeechToText - INFO - 🎤 Recording (speak clearly, you have 10 seconds)...
2025-10-31 00:04:10,801 - SpeechToText - INFO - ✓ Recording saved (10.0 seconds)
2025-10-31 00:04:20,733 - SpeechToText - INFO - Transcription: open spotify
2025-10-31 00:04:34,107 - SpeechToText - INFO - 🎤 Recording (speak clearly, you have 10 seconds)...
2025-10-31 00:04:44,117 - SpeechToText - INFO - ✓ Recording saved (10.0 seconds)
2025-10-31 00:04:57,338 - SpeechToText - INFO - Transcription: Thank you.
2025-10-31 00:05:06,208 - SpeechToText - INFO - 🎤 Recording (speak clearly, you have 10 seconds)...
2025-10-31 00:05:16,234 - SpeechToText - INFO - ✓ Recording saved (10.0 seconds)
2025-10-31 00:05:26,518 - SpeechToText - INFO - Transcription: Play the song.
2025-10-31 00:05:35,548 - SpeechToText - INFO - 🎤 Recording (speak clearly, you have 10 seconds)...
2025-10-31 00:05:45,555 - SpeechToText - INFO - ✓ Recording saved (10.0 seconds)
2025-10-31 00:05:55,480 - SpeechToText - INFO - Transcription: place
2025-10-31 00:06:04,307 - SpeechToText - INFO - 🎤 Recording (speak clearly, you have 10 seconds)...
2025-10-31 00:06:14,323 - SpeechToText - INFO - ✓ Recording saved (10.0 seconds)
2025-10-31 00:06:24,466 - SpeechToText - INFO - Transcription: place of fire.
2025-10-31 00:06:34,058 - SpeechToText - INFO - 🎤 Recording (speak clearly, you have 10 seconds)...
2025-10-31 00:06:44,078 - SpeechToText - INFO - ✓ Recording saved (10.0 seconds)
2025-10-31 00:06:54,209 - SpeechToText - INFO - Transcription: Thank you.
2025-10-31 00:07:03,417 - SpeechToText - INFO - 🎤 Recording (speak clearly, you have 10 seconds)...
2025-10-31 00:07:13,438 - SpeechToText - INFO - ✓ Recording saved (10.0 seconds)
2025-10-31 00:07:23,879 - SpeechToText - INFO - Transcription: Play the song Fireflies.
2025-10-31 00:07:33,828 - SpeechToText - INFO - 🎤 Recording (speak clearly, you have 10 seconds)...
2025-10-31 00:07:43,834 - SpeechToText - INFO - ✓ Recording saved (10.0 seconds)
2025-10-31 00:07:54,313 - SpeechToText - INFO - Transcription: close Spotify.
2025-10-31 00:08:04,773 - SpeechToText - INFO - 🎤 Recording (speak clearly, you have 10 seconds)...
2025-10-31 19:37:43,023 - SpeechToText - INFO - Faster Whisper model loaded: large
2025-10-31 19:37:50,951 - SpeechToText - INFO - 🎤 Recording (speak clearly, you have 10 seconds)...
2025-10-31 19:38:00,951 - SpeechToText - INFO - ✓ Recording saved (10.0 seconds)
2025-10-31 19:38:11,311 - SpeechToText - INFO - Transcription: open spotify
2025-10-31 19:38:30,052 - SpeechToText - INFO - 🎤 Recording (speak clearly, you have 10 seconds)...
2025-10-31 19:38:40,052 - SpeechToText - INFO - ✓ Recording saved (10.0 seconds)
2025-10-31 20:08:50,918 - SpeechToText - INFO - Faster Whisper model loaded: large
2025-10-31 20:08:58,590 - SpeechToText - INFO - 🎤 Recording (speak clearly, you have 10 seconds)...
2025-10-31 20:09:08,597 - SpeechToText - INFO - ✓ Recording saved (10.0 seconds)
2025-10-31 20:09:18,763 - SpeechToText - INFO - Transcription: Send hi to code crusaders on whatsapp
2025-10-31 20:09:34,792 - SpeechToText - INFO - 🎤 Recording (speak clearly, you have 10 seconds)...
2025-10-31 20:09:44,798 - SpeechToText - INFO - ✓ Recording saved (10.0 seconds)
2025-10-31 20:23:11,861 - SpeechToText - INFO - Faster Whisper model loaded: large
2025-10-31 20:23:44,043 - SpeechToText - INFO - 🎤 Recording (speak clearly, you have 10 seconds)...
2025-10-31 20:23:54,054 - SpeechToText - INFO - ✓ Recording saved (10.0 seconds)
2025-10-31 20:24:04,454 - SpeechToText - INFO - Transcription: send hi to code crusaders on whatsapp
2025-10-31 20:24:44,992 - SpeechToText - INFO - 🎤 Recording (speak clearly, you have 10 seconds)...
2025-10-31 20:24:54,994 - SpeechToText - INFO - ✓ Recording saved (10.0 seconds)
2025-10-31 20:25:06,356 - SpeechToText - INFO - Transcription: Thank you.
2025-10-31 21:42:43,910 - SpeechToText - INFO - Faster Whisper model loaded: large
2025-10-31 21:43:12,005 - SpeechToText - INFO - 🎤 Recording (speak clearly, you have 10 seconds)...
2025-10-31 21:43:22,027 - SpeechToText - INFO - ✓ Recording saved (10.0 seconds)
2025-10-31 21:43:32,186 - SpeechToText - INFO - Transcription: send hi to code crusaders on whatsapp
2025-10-31 21:44:13,838 - SpeechToText - INFO - 🎤 Recording (speak clearly, you have 10 seconds)...
2025-10-31 21:44:23,847 - SpeechToText - INFO - ✓ Recording saved (10.0 seconds)
2025-10-31 21:46:59,139 - SpeechToText - INFO - Faster Whisper model loaded: large
2025-10-31 21:47:28,072 - SpeechToText - INFO - 🎤 Recording (speak clearly, you have 10 seconds)...
2025-10-31 21:47:38,089 - SpeechToText - INFO - ✓ Recording saved (10.0 seconds)
2025-10-31 21:47:48,273 - SpeechToText - INFO - Transcription: send hi to code crusaders on whatsapp
2025-10-31 21:48:37,713 - SpeechToText - INFO - 🎤 Recording (speak clearly, you have 10 seconds)...
2025-10-31 21:53:49,871 - SpeechToText - INFO - Faster Whisper model loaded: large
2025-10-31 21:54:15,772 - SpeechToText - INFO - 🎤 Recording (speak clearly, you have 10 seconds)...
2025-10-31 21:54:25,780 - SpeechToText - INFO - ✓ Recording saved (10.0 seconds)
2025-10-31 21:54:35,906 - SpeechToText - INFO - Transcription: send hi to code crusaders on whatsapp
2025-10-31 21:55:32,504 - SpeechToText - INFO - 🎤 Recording (speak clearly, you have 10 seconds)...
2025-10-31 21:57:29,612 - SpeechToText - INFO - Faster Whisper model loaded: large
2025-10-31 21:57:57,989 - SpeechToText - INFO - 🎤 Recording (speak clearly, you have 10 seconds)...
2025-10-31 21:58:08,010 - SpeechToText - INFO - ✓ Recording saved (10.0 seconds)
2025-10-31 21:58:18,203 - SpeechToText - INFO - Transcription: send hi to code crusaders on whatsapp
2025-10-31 21:59:31,129 - SpeechToText - INFO - 🎤 Recording (speak clearly, you have 10 seconds)...
2025-10-31 21:59:41,143 - SpeechToText - INFO - ✓ Recording saved (10.0 seconds)
2025-10-31 21:59:50,775 - SpeechToText - INFO - Transcription: open whatsapp
2025-10-31 22:00:03,867 - SpeechToText - INFO - 🎤 Recording (speak clearly, you have 10 seconds)...
2025-10-31 22:00:13,896 - SpeechToText - INFO - ✓ Recording saved (10.0 seconds)
2025-10-31 22:00:24,094 - SpeechToText - INFO - Transcription: go to the chat of code crusaders
2025-10-31 22:00:53,137 - SpeechToText - INFO - 🎤 Recording (speak clearly, you have 10 seconds)...
2025-10-31 22:01:03,144 - SpeechToText - INFO - ✓ Recording saved (10.0 seconds)
2025-10-31 22:01:13,057 - SpeechToText - INFO - Transcription: Thank you.
2025-10-31 22:01:24,030 - SpeechToText - INFO - 🎤 Recording (speak clearly, you have 10 seconds)...
2025-10-31 22:01:34,034 - SpeechToText - INFO - ✓ Recording saved (10.0 seconds)
2025-10-31 22:01:43,945 - SpeechToText - INFO - Transcription: Thank you.
2025-10-31 22:01:48,703 - SpeechToText - INFO - 🎤 Recording (speak clearly, you have 10 seconds)...
2025-10-31 22:06:24,705 - SpeechToText - INFO - Faster Whisper model loaded: large
2025-10-31 22:09:25,596 - SpeechToText - INFO - Faster Whisper model loaded: large
